#
# There is insufficient memory for the Java Runtime Environment to continue.
# Native memory allocation (mmap) failed to map 48234496 bytes for G1 virtual space
# Possible reasons:
#   The system is out of physical RAM or swap space
#   The process is running with CompressedOops enabled, and the Java Heap may be blocking the growth of the native heap
# Possible solutions:
#   Reduce memory load on the system
#   Increase physical memory or swap space
#   Check if swap backing store is full
#   Decrease Java heap size (-Xmx/-Xms)
#   Decrease number of Java threads
#   Decrease Java thread stack sizes (-Xss)
#   Set larger code cache with -XX:ReservedCodeCacheSize=
#   JVM is running with Unscaled Compressed Oops mode in which the Java heap is
#     placed in the first 4GB address space. The Java Heap base address is the
#     maximum limit for the native heap growth. Please use -XX:HeapBaseMinAddress
#     to set the Java Heap base and to place the Java Heap above 4GB virtual address.
# This output file may be truncated or incomplete.
#
#  Out of Memory Error (./open/src/hotspot/os/windows/os_windows.cpp:3321), pid=20584, tid=17748
#
# JRE version: OpenJDK Runtime Environment (15.0.2+7) (build 15.0.2+7-27)
# Java VM: OpenJDK 64-Bit Server VM (15.0.2+7-27, mixed mode, tiered, compressed oops, g1 gc, windows-amd64)
# No core dump will be written. Minidumps are not enabled by default on client versions of Windows
#

---------------  S U M M A R Y ------------

Command Line: -Dfile.encoding=Cp1252 -XX:+ShowCodeDetailsInExceptionMessages Bank.Transactions

Host: AMD Ryzen 5 3500U with Radeon Vega Mobile Gfx  , 8 cores, 5G,  Windows 10 , 64 bit Build 22621 (10.0.22621.3958)
Time: Wed Sep 25 09:35:22 2024 India Standard Time elapsed time: 0.722279 seconds (0d 0h 0m 0s)

---------------  T H R E A D  ---------------

Current thread (0x000001aecf3fc7f0):  VMThread "VM Thread" [stack: 0x0000000b75800000,0x0000000b75900000] [id=17748]

Stack: [0x0000000b75800000,0x0000000b75900000]
[error occurred during error reporting (printing stack bounds), id 0xc0000005, EXCEPTION_ACCESS_VIOLATION (0xc0000005) at pc=0x000001aeb96610ad]

Native frames: (J=compiled Java code, j=interpreted, Vv=VM code, C=native code)
V  [jvm.dll+0x62ae9a]
V  [jvm.dll+0x7817a9]
V  [jvm.dll+0x782f03]
V  [jvm.dll+0x7834c5]
V  [jvm.dll+0x78347b]
V  [jvm.dll+0x62a2b9]
V  [jvm.dll+0x62aa88]
C  [ntdll.dll+0xa51df]
C  [ntdll.dll+0x1e866]
C  [ntdll.dll+0xa41ce]
C  0x000001aeb96610ad

VM_Operation (0x0000000b754ff560): G1Concurrent, mode: safepoint, requested by thread 0x000001aeb449aba0


---------------  P R O C E S S  ---------------

Threads class SMR info:
_java_thread_list=0x000001aeb451b6f0, length=17, elements={
0x000001aeb4455320, 0x000001aecf423000, 0x000001aecf423ae0, 0x000001aecf427f40,
0x000001aecf428800, 0x000001aecf4290c0, 0x000001aecfc74ce0, 0x000001aecfc755e0,
0x000001aecf42d660, 0x000001aecfe05550, 0x000001aecfdece70, 0x000001aed034d480,
0x000001aed03ab5a0, 0x000001aed03ae530, 0x000001aed0639280, 0x000001aed066a360,
0x000001aed0684010
}

Java Threads: ( => current thread )
  0x000001aeb4455320 JavaThread "main" [_thread_blocked, id=18480, stack(0x0000000b75200000,0x0000000b75300000)]
  0x000001aecf423000 JavaThread "Reference Handler" daemon [_thread_blocked, id=3968, stack(0x0000000b75900000,0x0000000b75a00000)]
  0x000001aecf423ae0 JavaThread "Finalizer" daemon [_thread_blocked, id=25892, stack(0x0000000b75a00000,0x0000000b75b00000)]
  0x000001aecf427f40 JavaThread "Signal Dispatcher" daemon [_thread_blocked, id=25644, stack(0x0000000b75b00000,0x0000000b75c00000)]
  0x000001aecf428800 JavaThread "Attach Listener" daemon [_thread_blocked, id=3708, stack(0x0000000b75c00000,0x0000000b75d00000)]
  0x000001aecf4290c0 JavaThread "Service Thread" daemon [_thread_blocked, id=21252, stack(0x0000000b75d00000,0x0000000b75e00000)]
  0x000001aecfc74ce0 JavaThread "C2 CompilerThread0" daemon [_thread_blocked, id=24736, stack(0x0000000b75e00000,0x0000000b75f00000)]
  0x000001aecfc755e0 JavaThread "C1 CompilerThread0" daemon [_thread_blocked, id=12924, stack(0x0000000b75f00000,0x0000000b76000000)]
  0x000001aecf42d660 JavaThread "Sweeper thread" daemon [_thread_blocked, id=19972, stack(0x0000000b76000000,0x0000000b76100000)]
  0x000001aecfe05550 JavaThread "Notification Thread" daemon [_thread_blocked, id=4144, stack(0x0000000b76100000,0x0000000b76200000)]
  0x000001aecfdece70 JavaThread "Common-Cleaner" daemon [_thread_blocked, id=26324, stack(0x0000000b76300000,0x0000000b76400000)]
  0x000001aed034d480 JavaThread "Java2D Disposer" daemon [_thread_blocked, id=25968, stack(0x0000000b76400000,0x0000000b76500000)]
  0x000001aed03ab5a0 JavaThread "AWT-Shutdown" [_thread_blocked, id=21792, stack(0x0000000b76500000,0x0000000b76600000)]
  0x000001aed03ae530 JavaThread "AWT-Windows" daemon [_thread_blocked, id=26912, stack(0x0000000b76600000,0x0000000b76700000)]
  0x000001aed0639280 JavaThread "AWT-EventQueue-0" [_thread_blocked, id=2400, stack(0x0000000b76f00000,0x0000000b77000000)]
  0x000001aed066a360 JavaThread "Image Fetcher 0" daemon [_thread_blocked, id=20848, stack(0x0000000b77000000,0x0000000b77100000)]
  0x000001aed0684010 JavaThread "D3D Screen Updater" daemon [_thread_blocked, id=20716, stack(0x0000000b77100000,0x0000000b77200000)]

Other Threads:
=>0x000001aecf3fc7f0 VMThread "VM Thread" [stack: 0x0000000b75800000,0x0000000b75900000] [id=17748]
  0x000001aecfdea230 WatcherThread [stack: 0x0000000b76200000,0x0000000b76300000] [id=19516]
  0x000001aeb448db50 GCTaskThread "GC Thread#0" [stack: 0x0000000b75300000,0x0000000b75400000] [id=24124]
  0x000001aed04d0050 GCTaskThread "GC Thread#1" [stack: 0x0000000b77200000,0x0000000b77300000] [id=2024]
  0x000001aed04d0380 GCTaskThread "GC Thread#2" [stack: 0x0000000b77300000,0x0000000b77400000] [id=11232]
  0x000001aed04d1040 GCTaskThread "GC Thread#3" [stack: 0x0000000b77400000,0x0000000b77500000] [id=23968]
  0x000001aed04d1370 GCTaskThread "GC Thread#4" [stack: 0x0000000b77500000,0x0000000b77600000] [id=15968]
  0x000001aed04ce3a0 GCTaskThread "GC Thread#5" [stack: 0x0000000b77600000,0x0000000b77700000] [id=22752]
  0x000001aeb449aba0 ConcurrentGCThread "G1 Main Marker" [stack: 0x0000000b75400000,0x0000000b75500000] [id=25884]
  0x000001aeb449bfb0 ConcurrentGCThread "G1 Conc#0" [stack: 0x0000000b75500000,0x0000000b75600000] [id=22460]
  0x000001aed04ced30 ConcurrentGCThread "G1 Conc#1" [stack: 0x0000000b77700000,0x0000000b77800000] [id=12580]
  0x000001aeb4513270 ConcurrentGCThread "G1 Refine#0" [stack: 0x0000000b75600000,0x0000000b75700000] [id=25200]
  0x000001aeb4513e00 ConcurrentGCThread "G1 Young RemSet Sampling" [stack: 0x0000000b75700000,0x0000000b75800000] [id=8796]

Threads with active compile tasks:

VM state: at safepoint (normal execution)

VM Mutex/Monitor currently owned by a thread:  ([mutex/lock_event])
[0x000001aeb4451c20] Threads_lock - owner thread: 0x000001aecf3fc7f0
[0x000001aeb44529a0] Heap_lock - owner thread: 0x000001aeb449aba0

Heap address: 0x00000000a1400000, size: 1516 MB, Compressed Oops mode: 32-bit
CDS disabled.
Compressed class space mapped at: 0x0000000100000000-0x0000000140000000, size: 1073741824
Narrow klass base: 0x0000000000000000, Narrow klass shift: 3, Narrow klass range: 0x140000000

GC Precious Log:
 CPUs: 8 total, 8 available
 Memory: 6060M
 Large Page Support: Disabled
 NUMA Support: Disabled
 Compressed Oops: Enabled (32-bit)
 Heap Region Size: 1M
 Heap Min Capacity: 8M
 Heap Initial Capacity: 96M
 Heap Max Capacity: 1516M
 Pre-touch: Disabled
 Parallel Workers: 8
 Concurrent Workers: 2
 Concurrent Refinement Workers: 8
 Periodic GC: Disabled

Heap:
 garbage-first heap   total 145408K, used 85558K [0x00000000a1400000, 0x0000000100000000)
  region size 1024K, 4 young (4096K), 3 survivors (3072K)
 Metaspace       used 14001K, capacity 14134K, committed 14336K, reserved 1062912K
  class space    used 1369K, capacity 1444K, committed 1536K, reserved 1048576K

Heap Regions: E=young(eden), S=young(survivor), O=old, HS=humongous(starts), HC=humongous(continues), CS=collection set, F=free, OA=open archive, CA=closed archive, TAMS=top-at-mark-start (previous, next)
|   0|0x00000000a1400000, 0x00000000a1500000, 0x00000000a1500000|100%|HS|  |TAMS 0x00000000a1400000, 0x00000000a1400000| Complete 
|   1|0x00000000a1500000, 0x00000000a1600000, 0x00000000a1600000|100%|HC|  |TAMS 0x00000000a1500000, 0x00000000a1500000| Complete 
|   2|0x00000000a1600000, 0x00000000a1700000, 0x00000000a1700000|100%|HC|  |TAMS 0x00000000a1600000, 0x00000000a1600000| Complete 
|   3|0x00000000a1700000, 0x00000000a1800000, 0x00000000a1800000|100%|HC|  |TAMS 0x00000000a1700000, 0x00000000a1700000| Complete 
|   4|0x00000000a1800000, 0x00000000a1900000, 0x00000000a1900000|100%|HC|  |TAMS 0x00000000a1800000, 0x00000000a1800000| Complete 
|   5|0x00000000a1900000, 0x00000000a1a00000, 0x00000000a1a00000|100%|HC|  |TAMS 0x00000000a1900000, 0x00000000a1900000| Complete 
|   6|0x00000000a1a00000, 0x00000000a1b00000, 0x00000000a1b00000|100%|HC|  |TAMS 0x00000000a1a00000, 0x00000000a1a00000| Complete 
|   7|0x00000000a1b00000, 0x00000000a1c00000, 0x00000000a1c00000|100%|HC|  |TAMS 0x00000000a1b00000, 0x00000000a1b00000| Complete 
|   8|0x00000000a1c00000, 0x00000000a1d00000, 0x00000000a1d00000|100%|HC|  |TAMS 0x00000000a1c00000, 0x00000000a1c00000| Complete 
|   9|0x00000000a1d00000, 0x00000000a1e00000, 0x00000000a1e00000|100%|HC|  |TAMS 0x00000000a1d00000, 0x00000000a1d00000| Complete 
|  10|0x00000000a1e00000, 0x00000000a1f00000, 0x00000000a1f00000|100%|HC|  |TAMS 0x00000000a1e00000, 0x00000000a1e00000| Complete 
|  11|0x00000000a1f00000, 0x00000000a2000000, 0x00000000a2000000|100%|HC|  |TAMS 0x00000000a1f00000, 0x00000000a1f00000| Complete 
|  12|0x00000000a2000000, 0x00000000a2100000, 0x00000000a2100000|100%|HC|  |TAMS 0x00000000a2000000, 0x00000000a2000000| Complete 
|  13|0x00000000a2100000, 0x00000000a2200000, 0x00000000a2200000|100%|HC|  |TAMS 0x00000000a2100000, 0x00000000a2100000| Complete 
|  14|0x00000000a2200000, 0x00000000a2300000, 0x00000000a2300000|100%|HC|  |TAMS 0x00000000a2200000, 0x00000000a2200000| Complete 
|  15|0x00000000a2300000, 0x00000000a2400000, 0x00000000a2400000|100%|HC|  |TAMS 0x00000000a2300000, 0x00000000a2300000| Complete 
|  16|0x00000000a2400000, 0x00000000a2500000, 0x00000000a2500000|100%|HC|  |TAMS 0x00000000a2400000, 0x00000000a2400000| Complete 
|  17|0x00000000a2500000, 0x00000000a2600000, 0x00000000a2600000|100%|HC|  |TAMS 0x00000000a2500000, 0x00000000a2500000| Complete 
|  18|0x00000000a2600000, 0x00000000a2700000, 0x00000000a2700000|100%|HC|  |TAMS 0x00000000a2600000, 0x00000000a2600000| Complete 
|  19|0x00000000a2700000, 0x00000000a2800000, 0x00000000a2800000|100%|HC|  |TAMS 0x00000000a2700000, 0x00000000a2700000| Complete 
|  20|0x00000000a2800000, 0x00000000a2900000, 0x00000000a2900000|100%|HC|  |TAMS 0x00000000a2800000, 0x00000000a2800000| Complete 
|  21|0x00000000a2900000, 0x00000000a2a00000, 0x00000000a2a00000|100%|HC|  |TAMS 0x00000000a2900000, 0x00000000a2900000| Complete 
|  22|0x00000000a2a00000, 0x00000000a2b00000, 0x00000000a2b00000|100%|HC|  |TAMS 0x00000000a2a00000, 0x00000000a2a00000| Complete 
|  23|0x00000000a2b00000, 0x00000000a2c00000, 0x00000000a2c00000|100%|HC|  |TAMS 0x00000000a2b00000, 0x00000000a2b00000| Complete 
|  24|0x00000000a2c00000, 0x00000000a2d00000, 0x00000000a2d00000|100%|HC|  |TAMS 0x00000000a2c00000, 0x00000000a2c00000| Complete 
|  25|0x00000000a2d00000, 0x00000000a2e00000, 0x00000000a2e00000|100%|HC|  |TAMS 0x00000000a2d00000, 0x00000000a2d00000| Complete 
|  26|0x00000000a2e00000, 0x00000000a2f00000, 0x00000000a2f00000|100%|HC|  |TAMS 0x00000000a2e00000, 0x00000000a2e00000| Complete 
|  27|0x00000000a2f00000, 0x00000000a3000000, 0x00000000a3000000|100%|HC|  |TAMS 0x00000000a2f00000, 0x00000000a2f00000| Complete 
|  28|0x00000000a3000000, 0x00000000a3100000, 0x00000000a3100000|100%|HC|  |TAMS 0x00000000a3000000, 0x00000000a3000000| Complete 
|  29|0x00000000a3100000, 0x00000000a3200000, 0x00000000a3200000|100%|HC|  |TAMS 0x00000000a3100000, 0x00000000a3100000| Complete 
|  30|0x00000000a3200000, 0x00000000a3300000, 0x00000000a3300000|100%|HC|  |TAMS 0x00000000a3200000, 0x00000000a3200000| Complete 
|  31|0x00000000a3300000, 0x00000000a3400000, 0x00000000a3400000|100%|HC|  |TAMS 0x00000000a3300000, 0x00000000a3300000| Complete 
|  32|0x00000000a3400000, 0x00000000a3500000, 0x00000000a3500000|100%|HC|  |TAMS 0x00000000a3400000, 0x00000000a3400000| Complete 
|  33|0x00000000a3500000, 0x00000000a3600000, 0x00000000a3600000|100%|HC|  |TAMS 0x00000000a3500000, 0x00000000a3500000| Complete 
|  34|0x00000000a3600000, 0x00000000a3700000, 0x00000000a3700000|100%|HC|  |TAMS 0x00000000a3600000, 0x00000000a3600000| Complete 
|  35|0x00000000a3700000, 0x00000000a3800000, 0x00000000a3800000|100%|HC|  |TAMS 0x00000000a3700000, 0x00000000a3700000| Complete 
|  36|0x00000000a3800000, 0x00000000a3900000, 0x00000000a3900000|100%|HC|  |TAMS 0x00000000a3800000, 0x00000000a3800000| Complete 
|  37|0x00000000a3900000, 0x00000000a3a00000, 0x00000000a3a00000|100%|HC|  |TAMS 0x00000000a3900000, 0x00000000a3900000| Complete 
|  38|0x00000000a3a00000, 0x00000000a3b00000, 0x00000000a3b00000|100%|HC|  |TAMS 0x00000000a3a00000, 0x00000000a3a00000| Complete 
|  39|0x00000000a3b00000, 0x00000000a3c00000, 0x00000000a3c00000|100%|HC|  |TAMS 0x00000000a3b00000, 0x00000000a3b00000| Complete 
|  40|0x00000000a3c00000, 0x00000000a3d00000, 0x00000000a3d00000|100%|HC|  |TAMS 0x00000000a3c00000, 0x00000000a3c00000| Complete 
|  41|0x00000000a3d00000, 0x00000000a3e00000, 0x00000000a3e00000|100%|HC|  |TAMS 0x00000000a3d00000, 0x00000000a3d00000| Complete 
|  42|0x00000000a3e00000, 0x00000000a3f00000, 0x00000000a3f00000|100%|HC|  |TAMS 0x00000000a3e00000, 0x00000000a3e00000| Complete 
|  43|0x00000000a3f00000, 0x00000000a4000000, 0x00000000a4000000|100%|HC|  |TAMS 0x00000000a3f00000, 0x00000000a3f00000| Complete 
|  44|0x00000000a4000000, 0x00000000a4100000, 0x00000000a4100000|100%|HC|  |TAMS 0x00000000a4000000, 0x00000000a4000000| Complete 
|  45|0x00000000a4100000, 0x00000000a4200000, 0x00000000a4200000|100%|HC|  |TAMS 0x00000000a4100000, 0x00000000a4100000| Complete 
|  46|0x00000000a4200000, 0x00000000a4300000, 0x00000000a4300000|100%|HC|  |TAMS 0x00000000a4200000, 0x00000000a4200000| Complete 
|  47|0x00000000a4300000, 0x00000000a4400000, 0x00000000a4400000|100%|HC|  |TAMS 0x00000000a4300000, 0x00000000a4300000| Complete 
|  48|0x00000000a4400000, 0x00000000a4500000, 0x00000000a4500000|100%|HC|  |TAMS 0x00000000a4400000, 0x00000000a4400000| Complete 
|  49|0x00000000a4500000, 0x00000000a4600000, 0x00000000a4600000|100%|HC|  |TAMS 0x00000000a4500000, 0x00000000a4500000| Complete 
|  50|0x00000000a4600000, 0x00000000a4700000, 0x00000000a4700000|100%|HC|  |TAMS 0x00000000a4600000, 0x00000000a4600000| Complete 
|  51|0x00000000a4700000, 0x00000000a4800000, 0x00000000a4800000|100%|HC|  |TAMS 0x00000000a4700000, 0x00000000a4700000| Complete 
|  52|0x00000000a4800000, 0x00000000a4900000, 0x00000000a4900000|100%|HC|  |TAMS 0x00000000a4800000, 0x00000000a4800000| Complete 
|  53|0x00000000a4900000, 0x00000000a4a00000, 0x00000000a4a00000|100%|HC|  |TAMS 0x00000000a4900000, 0x00000000a4900000| Complete 
|  54|0x00000000a4a00000, 0x00000000a4b00000, 0x00000000a4b00000|100%|HC|  |TAMS 0x00000000a4a00000, 0x00000000a4a00000| Complete 
|  55|0x00000000a4b00000, 0x00000000a4c00000, 0x00000000a4c00000|100%|HC|  |TAMS 0x00000000a4b00000, 0x00000000a4b00000| Complete 
|  56|0x00000000a4c00000, 0x00000000a4d00000, 0x00000000a4d00000|100%|HC|  |TAMS 0x00000000a4c00000, 0x00000000a4c00000| Complete 
|  57|0x00000000a4d00000, 0x00000000a4e00000, 0x00000000a4e00000|100%|HC|  |TAMS 0x00000000a4d00000, 0x00000000a4d00000| Complete 
|  58|0x00000000a4e00000, 0x00000000a4f00000, 0x00000000a4f00000|100%|HC|  |TAMS 0x00000000a4e00000, 0x00000000a4e00000| Complete 
|  59|0x00000000a4f00000, 0x00000000a5000000, 0x00000000a5000000|100%|HC|  |TAMS 0x00000000a4f00000, 0x00000000a4f00000| Complete 
|  60|0x00000000a5000000, 0x00000000a5100000, 0x00000000a5100000|100%|HC|  |TAMS 0x00000000a5000000, 0x00000000a5000000| Complete 
|  61|0x00000000a5100000, 0x00000000a5200000, 0x00000000a5200000|100%|HC|  |TAMS 0x00000000a5100000, 0x00000000a5100000| Complete 
|  62|0x00000000a5200000, 0x00000000a5300000, 0x00000000a5300000|100%|HC|  |TAMS 0x00000000a5200000, 0x00000000a5200000| Complete 
|  63|0x00000000a5300000, 0x00000000a5400000, 0x00000000a5400000|100%|HC|  |TAMS 0x00000000a5300000, 0x00000000a5300000| Complete 
|  64|0x00000000a5400000, 0x00000000a5500000, 0x00000000a5500000|100%|HC|  |TAMS 0x00000000a5400000, 0x00000000a5400000| Complete 
|  65|0x00000000a5500000, 0x00000000a5600000, 0x00000000a5600000|100%|HC|  |TAMS 0x00000000a5500000, 0x00000000a5500000| Complete 
|  66|0x00000000a5600000, 0x00000000a5700000, 0x00000000a5700000|100%|HC|  |TAMS 0x00000000a5600000, 0x00000000a5600000| Complete 
|  67|0x00000000a5700000, 0x00000000a5800000, 0x00000000a5800000|100%|HC|  |TAMS 0x00000000a5700000, 0x00000000a5700000| Complete 
|  68|0x00000000a5800000, 0x00000000a5900000, 0x00000000a5900000|100%|HC|  |TAMS 0x00000000a5800000, 0x00000000a5800000| Complete 
|  69|0x00000000a5900000, 0x00000000a5a00000, 0x00000000a5a00000|100%|HC|  |TAMS 0x00000000a5900000, 0x00000000a5900000| Complete 
|  70|0x00000000a5a00000, 0x00000000a5b00000, 0x00000000a5b00000|100%|HC|  |TAMS 0x00000000a5a00000, 0x00000000a5a00000| Complete 
|  71|0x00000000a5b00000, 0x00000000a5c00000, 0x00000000a5c00000|100%|HC|  |TAMS 0x00000000a5b00000, 0x00000000a5b00000| Complete 
|  72|0x00000000a5c00000, 0x00000000a5d00000, 0x00000000a5d00000|100%|HC|  |TAMS 0x00000000a5c00000, 0x00000000a5c00000| Complete 
|  73|0x00000000a5d00000, 0x00000000a5e00000, 0x00000000a5e00000|100%|HC|  |TAMS 0x00000000a5d00000, 0x00000000a5d00000| Complete 
|  74|0x00000000a5e00000, 0x00000000a5f00000, 0x00000000a5f00000|100%|HC|  |TAMS 0x00000000a5e00000, 0x00000000a5e00000| Complete 
|  75|0x00000000a5f00000, 0x00000000a6000000, 0x00000000a6000000|100%|HC|  |TAMS 0x00000000a5f00000, 0x00000000a5f00000| Complete 
|  76|0x00000000a6000000, 0x00000000a6100000, 0x00000000a6100000|100%|HC|  |TAMS 0x00000000a6000000, 0x00000000a6000000| Complete 
|  77|0x00000000a6100000, 0x00000000a6200000, 0x00000000a6200000|100%|HC|  |TAMS 0x00000000a6100000, 0x00000000a6100000| Complete 
|  78|0x00000000a6200000, 0x00000000a6300000, 0x00000000a6300000|100%|HC|  |TAMS 0x00000000a6200000, 0x00000000a6200000| Complete 
|  79|0x00000000a6300000, 0x00000000a6400000, 0x00000000a6400000|100%|HC|  |TAMS 0x00000000a6300000, 0x00000000a6300000| Complete 
|  80|0x00000000a6400000, 0x00000000a6500000, 0x00000000a6500000|100%|HC|  |TAMS 0x00000000a6400000, 0x00000000a6400000| Complete 
|  81|0x00000000a6500000, 0x00000000a6500000, 0x00000000a6600000|  0%| F|  |TAMS 0x00000000a6500000, 0x00000000a6500000| Untracked 
|  82|0x00000000a6600000, 0x00000000a6600000, 0x00000000a6700000|  0%| F|  |TAMS 0x00000000a6600000, 0x00000000a6600000| Untracked 
|  83|0x00000000a6700000, 0x00000000a6700000, 0x00000000a6800000|  0%| F|  |TAMS 0x00000000a6700000, 0x00000000a6700000| Untracked 
|  84|0x00000000a6800000, 0x00000000a6800000, 0x00000000a6900000|  0%| F|  |TAMS 0x00000000a6800000, 0x00000000a6800000| Untracked 
|  85|0x00000000a6900000, 0x00000000a698d9f8, 0x00000000a6a00000| 55%| S|CS|TAMS 0x00000000a6900000, 0x00000000a6900000| Complete 
|  86|0x00000000a6a00000, 0x00000000a6b00000, 0x00000000a6b00000|100%| S|CS|TAMS 0x00000000a6a00000, 0x00000000a6a00000| Complete 
|  87|0x00000000a6b00000, 0x00000000a6c00000, 0x00000000a6c00000|100%| S|CS|TAMS 0x00000000a6b00000, 0x00000000a6b00000| Complete 
|  88|0x00000000a6c00000, 0x00000000a6c00000, 0x00000000a6d00000|  0%| F|  |TAMS 0x00000000a6c00000, 0x00000000a6c00000| Untracked 
|  89|0x00000000a6d00000, 0x00000000a6d00000, 0x00000000a6e00000|  0%| F|  |TAMS 0x00000000a6d00000, 0x00000000a6d00000| Untracked 
|  90|0x00000000a6e00000, 0x00000000a6e00000, 0x00000000a6f00000|  0%| F|  |TAMS 0x00000000a6e00000, 0x00000000a6e00000| Untracked 
|  91|0x00000000a6f00000, 0x00000000a6f00000, 0x00000000a7000000|  0%| F|  |TAMS 0x00000000a6f00000, 0x00000000a6f00000| Untracked 
|  92|0x00000000a7000000, 0x00000000a7000000, 0x00000000a7100000|  0%| F|  |TAMS 0x00000000a7000000, 0x00000000a7000000| Untracked 
|  93|0x00000000a7100000, 0x00000000a7100000, 0x00000000a7200000|  0%| F|  |TAMS 0x00000000a7100000, 0x00000000a7100000| Untracked 
|  94|0x00000000a7200000, 0x00000000a7200000, 0x00000000a7300000|  0%| F|  |TAMS 0x00000000a7200000, 0x00000000a7200000| Untracked 
|  95|0x00000000a7300000, 0x00000000a7351ec8, 0x00000000a7400000| 32%| E|  |TAMS 0x00000000a7300000, 0x00000000a7300000| Complete 

Card table byte_map: [0x000001aec93e0000,0x000001aec96e0000] _byte_map_base: 0x000001aec8ed6000

Marking Bits (Prev, Next): (CMBitMap*) 0x000001aeb448e400, (CMBitMap*) 0x000001aeb448e3c0
 Prev Bits: [0x000001aecb190000, 0x000001aecc940000)
 Next Bits: [0x000001aec99e0000, 0x000001aecb190000)

Polling page: 0x000001aeb4520000

Metaspace:

Usage:
  Non-class:     12.39 MB capacity,    12.34 MB (>99%) used,    41.95 KB ( <1%) free+waste,    16.31 KB ( <1%) overhead. 
      Class:      1.41 MB capacity,     1.34 MB ( 95%) used,    68.69 KB (  5%) free+waste,     5.88 KB ( <1%) overhead. 
       Both:     13.80 MB capacity,    13.67 MB (>99%) used,   110.64 KB ( <1%) free+waste,    22.19 KB ( <1%) overhead. 

Virtual space:
  Non-class space:       14.00 MB reserved,      12.50 MB ( 89%) committed 
      Class space:        1.00 GB reserved,       1.50 MB ( <1%) committed 
             Both:        1.01 GB reserved,      14.00 MB (  1%) committed 

Chunk freelists:
   Non-Class:  46.00 KB
       Class:  0 bytes
        Both:  46.00 KB

MaxMetaspaceSize: 17179869184.00 GB
CompressedClassSpaceSize: 1.00 GB

CodeHeap 'non-profiled nmethods': size=120000Kb used=203Kb max_used=203Kb free=119796Kb
 bounds [0x000001aec1130000, 0x000001aec13a0000, 0x000001aec8660000]
CodeHeap 'profiled nmethods': size=120000Kb used=1038Kb max_used=1038Kb free=118961Kb
 bounds [0x000001aeb9c00000, 0x000001aeb9e70000, 0x000001aec1130000]
CodeHeap 'non-nmethods': size=5760Kb used=1267Kb max_used=1270Kb free=4492Kb
 bounds [0x000001aeb9660000, 0x000001aeb98d0000, 0x000001aeb9c00000]
 total_blobs=1248 nmethods=696 adapters=465
 compilation: enabled
              stopped_count=0, restarted_count=0
 full_count=0

Compilation events (20 events):
Event: 0.666 Thread 0x000001aecfc755e0  683       3       jdk.internal.org.objectweb.asm.MethodWriter::<init> (232 bytes)
Event: 0.667 Thread 0x000001aecfc755e0 nmethod 683 0x000001aeb9cfd710 code [0x000001aeb9cfd9a0, 0x000001aeb9cfe6f8]
Event: 0.667 Thread 0x000001aecfc755e0  684       3       jdk.internal.org.objectweb.asm.MethodVisitor::<init> (7 bytes)
Event: 0.667 Thread 0x000001aecfc755e0 nmethod 684 0x000001aeb9cfec10 code [0x000001aeb9cfedc0, 0x000001aeb9cfeee8]
Event: 0.667 Thread 0x000001aecfc755e0  685       3       jdk.internal.org.objectweb.asm.MethodWriter::visitMaxs (60 bytes)
Event: 0.668 Thread 0x000001aecfc755e0 nmethod 685 0x000001aeb9cfef90 code [0x000001aeb9cff160, 0x000001aeb9cff3d8]
Event: 0.668 Thread 0x000001aecfc755e0  686       3       jdk.internal.org.objectweb.asm.MethodWriter::visitEnd (1 bytes)
Event: 0.668 Thread 0x000001aecfc755e0 nmethod 686 0x000001aeb9cff490 code [0x000001aeb9cff620, 0x000001aeb9cff718]
Event: 0.668 Thread 0x000001aecfc755e0  687       3       jdk.internal.org.objectweb.asm.MethodWriter::computeMethodInfoSize (571 bytes)
Event: 0.669 Thread 0x000001aecfc755e0 nmethod 687 0x000001aeb9cff790 code [0x000001aeb9cffac0, 0x000001aeb9d009c8]
Event: 0.669 Thread 0x000001aecfc755e0  689       3       java.lang.ref.Cleaner$1::apply (9 bytes)
Event: 0.669 Thread 0x000001aecfc755e0 nmethod 689 0x000001aeb9d01090 code [0x000001aeb9d01240, 0x000001aeb9d01498]
Event: 0.669 Thread 0x000001aecfc755e0  692       3       java.lang.invoke.InvokerBytecodeGenerator::emitReferenceCast (188 bytes)
Event: 0.670 Thread 0x000001aecfc755e0 nmethod 692 0x000001aeb9d01590 code [0x000001aeb9d018a0, 0x000001aeb9d027a8]
Event: 0.675 Thread 0x000001aecfc755e0  694   !   3       java.lang.ref.ReferenceQueue::enqueue (119 bytes)
Event: 0.675 Thread 0x000001aecfc755e0 nmethod 694 0x000001aeb9d02c90 code [0x000001aeb9d02e80, 0x000001aeb9d03528]
Event: 0.675 Thread 0x000001aecfc755e0  695       3       jdk.internal.loader.NativeLibraries$NativeLibraryImpl::find (6 bytes)
Event: 0.676 Thread 0x000001aecfc755e0 nmethod 695 0x000001aeb9d03710 code [0x000001aeb9d038c0, 0x000001aeb9d039e8]
Event: 0.676 Thread 0x000001aecfc755e0  697       1       java.util.concurrent.locks.AbstractQueuedSynchronizer::setState (6 bytes)
Event: 0.676 Thread 0x000001aecfc755e0 nmethod 697 0x000001aec1162b10 code [0x000001aec1162ca0, 0x000001aec1162d58]

GC Heap History (2 events):
Event: 0.670 GC heap before
{Heap before GC invocations=0 (full 0):
 garbage-first heap   total 98304K, used 7168K [0x00000000a1400000, 0x0000000100000000)
  region size 1024K, 8 young (8192K), 0 survivors (0K)
 Metaspace       used 13998K, capacity 14134K, committed 14336K, reserved 1062912K
  class space    used 1369K, capacity 1444K, committed 1536K, reserved 1048576K
}
Event: 0.674 GC heap after
{Heap after GC invocations=1 (full 0):
 garbage-first heap   total 98304K, used 2614K [0x00000000a1400000, 0x0000000100000000)
  region size 1024K, 3 young (3072K), 3 survivors (3072K)
 Metaspace       used 13998K, capacity 14134K, committed 14336K, reserved 1062912K
  class space    used 1369K, capacity 1444K, committed 1536K, reserved 1048576K
}

Deoptimization events (8 events):
Event: 0.107 Thread 0x000001aeb4455320 Uncommon trap: trap_request=0xffffff45 fr.pc=0x000001aec1133f30 relative=0x0000000000000210
Event: 0.107 Thread 0x000001aeb4455320 Uncommon trap: reason=unstable_if action=reinterpret pc=0x000001aec1133f30 method=java.lang.String.hashCode()I @ 42 c2
Event: 0.107 Thread 0x000001aeb4455320 DEOPT PACKING pc=0x000001aec1133f30 sp=0x0000000b752fd5d0
Event: 0.107 Thread 0x000001aeb4455320 DEOPT UNPACKING pc=0x000001aeb96ae42f sp=0x0000000b752fd568 mode 2
Event: 0.662 Thread 0x000001aed066a360 Uncommon trap: trap_request=0xffffff45 fr.pc=0x000001aec1160870 relative=0x00000000000003d0
Event: 0.662 Thread 0x000001aed066a360 Uncommon trap: reason=unstable_if action=reinterpret pc=0x000001aec1160870 method=java.lang.StringLatin1.newString([BII)Ljava/lang/String; @ 1 c2
Event: 0.662 Thread 0x000001aed066a360 DEOPT PACKING pc=0x000001aec1160870 sp=0x0000000b770feb10
Event: 0.662 Thread 0x000001aed066a360 DEOPT UNPACKING pc=0x000001aeb96ae42f sp=0x0000000b770feaf0 mode 2

Classes unloaded (0 events):
No events

Classes redefined (0 events):
No events

Internal exceptions (13 events):
Event: 0.134 Thread 0x000001aeb4455320 Exception <a 'java/lang/NoSuchMethodError'{0x00000000a72216e0}: 'void java.lang.invoke.DirectMethodHandle$Holder.invokeSpecial(java.lang.Object, java.lang.Object, java.lang.Object)'> (0x00000000a72216e0) 
thrown [./open/src/hotspot/share/interpreter/linkResolver.cpp, line 782]
Event: 0.188 Thread 0x000001aeb4455320 Exception <a 'java/lang/ClassNotFoundException'{0x00000000a7277df8}: sun/awt/resources/spi/awtProvider> (0x00000000a7277df8) 
thrown [./open/src/hotspot/share/classfile/systemDictionary.cpp, line 295]
Event: 0.218 Thread 0x000001aeb4455320 Exception <a 'java/io/FileNotFoundException'{0x00000000a72d3f60}> (0x00000000a72d3f60) 
thrown [./open/src/hotspot/share/prims/jni.cpp, line 578]
Event: 0.228 Thread 0x000001aeb4455320 Exception <a 'java/io/FileNotFoundException'{0x00000000a7102f38}> (0x00000000a7102f38) 
thrown [./open/src/hotspot/share/prims/jni.cpp, line 578]
Event: 0.229 Thread 0x000001aeb4455320 Exception <a 'java/lang/NoSuchMethodError'{0x00000000a7104268}: 'java.lang.Object java.lang.invoke.DirectMethodHandle$Holder.invokeStatic(java.lang.Object)'> (0x00000000a7104268) 
thrown [./open/src/hotspot/share/interpreter/linkResolver.cpp, line 782]
Event: 0.287 Thread 0x000001aeb4455320 Exception <a 'java/lang/NoSuchMethodError'{0x00000000a715ffe8}: 'java.lang.Object java.lang.invoke.DirectMethodHandle$Holder.invokeStaticInit(java.lang.Object)'> (0x00000000a715ffe8) 
thrown [./open/src/hotspot/share/interpreter/linkResolver.cpp, line 782]
Event: 0.392 Thread 0x000001aeb4455320 Exception <a 'java/lang/NoSuchMethodError'{0x00000000a7049368}: 'java.lang.Object java.lang.invoke.DirectMethodHandle$Holder.newInvokeSpecial(java.lang.Object, java.lang.Object, java.lang.Object, java.lang.Object, java.lang.Object)'> (0x00000000a7049368) 
thrown [./open/src/hotspot/share/interpreter/linkResolver.cpp, line 782]
Event: 0.394 Thread 0x000001aeb4455320 Exception <a 'java/lang/NoSuchMethodError'{0x00000000a7054df8}: 'java.lang.Object java.lang.invoke.DirectMethodHandle$Holder.invokeStatic(java.lang.Object, int, java.lang.Object, java.lang.Object, java.lang.Object, java.lang.Object)'> (0x00000000a7054df8) 
thrown [./open/src/hotspot/share/interpreter/linkResolver.cpp, line 782]
Event: 0.398 Thread 0x000001aeb4455320 Exception <a 'java/lang/NoSuchMethodError'{0x00000000a707b310}: 'java.lang.Object java.lang.invoke.DirectMethodHandle$Holder.invokeStatic(java.lang.Object, int, java.lang.Object)'> (0x00000000a707b310) 
thrown [./open/src/hotspot/share/interpreter/linkResolver.cpp, line 782]
Event: 0.423 Thread 0x000001aeb4455320 Exception <a 'java/lang/ClassNotFoundException'{0x00000000a6f33ce8}: com/sun/swing/internal/plaf/metal/resources/spi/metalProvider> (0x00000000a6f33ce8) 
thrown [./open/src/hotspot/share/classfile/systemDictionary.cpp, line 295]
Event: 0.424 Thread 0x000001aeb4455320 Exception <a 'java/lang/ClassNotFoundException'{0x00000000a6f38018}: com/sun/swing/internal/plaf/basic/resources/spi/basicProvider> (0x00000000a6f38018) 
thrown [./open/src/hotspot/share/classfile/systemDictionary.cpp, line 295]
Event: 0.464 Thread 0x000001aeb4455320 Exception <a 'java/lang/NoSuchMethodError'{0x00000000a6f744a8}: 'void java.lang.invoke.DirectMethodHandle$Holder.invokeStaticInit(java.lang.Object)'> (0x00000000a6f744a8) 
thrown [./open/src/hotspot/share/interpreter/linkResolver.cpp, line 782]
Event: 0.667 Thread 0x000001aed066a360 Exception <a 'java/lang/NoSuchMethodError'{0x00000000a6c02f48}: 'java.lang.Object java.lang.invoke.DirectMethodHandle$Holder.newInvokeSpecial(java.lang.Object, java.lang.Object, java.lang.Object, int, int, int, int, int)'> (0x00000000a6c02f48) 
thrown [./open/src/hotspot/share/interpreter/linkResolver.cpp, line 782]

Events (20 events):
Event: 0.664 Loaded shared library C:\Users\hp\.p2\pool\plugins\org.eclipse.justj.openjdk.hotspot.jre.full.win32.x86_64_15.0.2.v20210201-0955\jre\bin\javajpeg.dll
Event: 0.669 loading class java/awt/image/Raster
Event: 0.669 loading class java/awt/image/Raster done
Event: 0.669 loading class java/awt/image/DataBufferInt
Event: 0.669 loading class java/awt/image/DataBuffer
Event: 0.669 loading class java/awt/image/DataBuffer done
Event: 0.669 loading class java/awt/image/DataBufferInt done
Event: 0.669 loading class java/awt/image/DataBuffer$1
Event: 0.670 loading class sun/awt/image/SunWritableRaster$DataStealer
Event: 0.670 loading class sun/awt/image/SunWritableRaster$DataStealer done
Event: 0.670 loading class java/awt/image/DataBuffer$1 done
Event: 0.670 loading class sun/awt/image/SunWritableRaster
Event: 0.670 loading class java/awt/image/WritableRaster
Event: 0.670 loading class java/awt/image/WritableRaster done
Event: 0.670 loading class sun/awt/image/SunWritableRaster done
Event: 0.670 Executing VM operation: G1TryInitiateConcMark
Event: 0.674 Executing VM operation: G1TryInitiateConcMark done
Event: 0.674 Executing VM operation: HandshakeAllThreads
Event: 0.674 Executing VM operation: HandshakeAllThreads done
Event: 0.676 Executing VM operation: G1Concurrent


Dynamic libraries:
0x00007ff63e820000 - 0x00007ff63e82d000 	C:\Users\hp\.p2\pool\plugins\org.eclipse.justj.openjdk.hotspot.jre.full.win32.x86_64_15.0.2.v20210201-0955\jre\bin\javaw.exe
0x00007ffa61c30000 - 0x00007ffa61e47000 	C:\WINDOWS\SYSTEM32\ntdll.dll
0x00007ffa600f0000 - 0x00007ffa601b4000 	C:\WINDOWS\System32\KERNEL32.DLL
0x00007ffa5f160000 - 0x00007ffa5f50d000 	C:\WINDOWS\System32\KERNELBASE.dll
0x00007ffa5f770000 - 0x00007ffa5f881000 	C:\WINDOWS\System32\ucrtbase.dll
0x00007ffa49f00000 - 0x00007ffa49f18000 	C:\Users\hp\.p2\pool\plugins\org.eclipse.justj.openjdk.hotspot.jre.full.win32.x86_64_15.0.2.v20210201-0955\jre\bin\jli.dll
0x00007ffa49db0000 - 0x00007ffa49dc9000 	C:\Users\hp\.p2\pool\plugins\org.eclipse.justj.openjdk.hotspot.jre.full.win32.x86_64_15.0.2.v20210201-0955\jre\bin\VCRUNTIME140.dll
0x00007ffa5fab0000 - 0x00007ffa5fc5e000 	C:\WINDOWS\System32\USER32.dll
0x00007ffa5f930000 - 0x00007ffa5f956000 	C:\WINDOWS\System32\win32u.dll
0x00007ffa41420000 - 0x00007ffa416b3000 	C:\WINDOWS\WinSxS\amd64_microsoft.windows.common-controls_6595b64144ccf1df_6.0.22621.3672_none_2713b9d173822955\COMCTL32.dll
0x00007ffa5fdd0000 - 0x00007ffa5fdf9000 	C:\WINDOWS\System32\GDI32.dll
0x00007ffa616a0000 - 0x00007ffa61747000 	C:\WINDOWS\System32\msvcrt.dll
0x00007ffa5f040000 - 0x00007ffa5f159000 	C:\WINDOWS\System32\gdi32full.dll
0x00007ffa5f890000 - 0x00007ffa5f92a000 	C:\WINDOWS\System32\msvcp_win.dll
0x00007ffa5fd90000 - 0x00007ffa5fdc1000 	C:\WINDOWS\System32\IMM32.DLL
0x00007ffa49ef0000 - 0x00007ffa49efc000 	C:\Users\hp\.p2\pool\plugins\org.eclipse.justj.openjdk.hotspot.jre.full.win32.x86_64_15.0.2.v20210201-0955\jre\bin\vcruntime140_1.dll
0x00007ffa16a40000 - 0x00007ffa16ad1000 	C:\Users\hp\.p2\pool\plugins\org.eclipse.justj.openjdk.hotspot.jre.full.win32.x86_64_15.0.2.v20210201-0955\jre\bin\msvcp140.dll
0x00007ffa02010000 - 0x00007ffa02b6e000 	C:\Users\hp\.p2\pool\plugins\org.eclipse.justj.openjdk.hotspot.jre.full.win32.x86_64_15.0.2.v20210201-0955\jre\bin\server\jvm.dll
0x00007ffa60cd0000 - 0x00007ffa60d82000 	C:\WINDOWS\System32\ADVAPI32.dll
0x00007ffa5fee0000 - 0x00007ffa5ff89000 	C:\WINDOWS\System32\sechost.dll
0x00007ffa5f510000 - 0x00007ffa5f538000 	C:\WINDOWS\System32\bcrypt.dll
0x00007ffa608e0000 - 0x00007ffa609f4000 	C:\WINDOWS\System32\RPCRT4.dll
0x00007ffa61750000 - 0x00007ffa61758000 	C:\WINDOWS\System32\PSAPI.DLL
0x00007ffa49e90000 - 0x00007ffa49e99000 	C:\WINDOWS\SYSTEM32\WSOCK32.dll
0x00007ffa5a990000 - 0x00007ffa5a9c4000 	C:\WINDOWS\SYSTEM32\WINMM.dll
0x00007ffa60d90000 - 0x00007ffa60e01000 	C:\WINDOWS\System32\WS2_32.dll
0x00007ffa57d80000 - 0x00007ffa57d8a000 	C:\WINDOWS\SYSTEM32\VERSION.dll
0x00007ffa5dfa0000 - 0x00007ffa5dfb8000 	C:\WINDOWS\SYSTEM32\kernel.appcore.dll
0x00007ffa5aa80000 - 0x00007ffa5aa8a000 	C:\Users\hp\.p2\pool\plugins\org.eclipse.justj.openjdk.hotspot.jre.full.win32.x86_64_15.0.2.v20210201-0955\jre\bin\jimage.dll
0x00007ffa5c9c0000 - 0x00007ffa5cbf2000 	C:\WINDOWS\SYSTEM32\DBGHELP.DLL
0x00007ffa60330000 - 0x00007ffa606be000 	C:\WINDOWS\System32\combase.dll
0x00007ffa5fc60000 - 0x00007ffa5fd37000 	C:\WINDOWS\System32\OLEAUT32.dll
0x00007ffa44740000 - 0x00007ffa44772000 	C:\WINDOWS\SYSTEM32\dbgcore.DLL
0x00007ffa5efc0000 - 0x00007ffa5f03b000 	C:\WINDOWS\System32\bcryptPrimitives.dll
0x00007ffa40b50000 - 0x00007ffa40b75000 	C:\Users\hp\.p2\pool\plugins\org.eclipse.justj.openjdk.hotspot.jre.full.win32.x86_64_15.0.2.v20210201-0955\jre\bin\java.dll
0x00007ffa49d60000 - 0x00007ffa49d78000 	C:\Users\hp\.p2\pool\plugins\org.eclipse.justj.openjdk.hotspot.jre.full.win32.x86_64_15.0.2.v20210201-0955\jre\bin\zip.dll
0x00007ffa60e10000 - 0x00007ffa61677000 	C:\WINDOWS\System32\SHELL32.dll
0x00007ffa5ced0000 - 0x00007ffa5d7cf000 	C:\WINDOWS\SYSTEM32\windows.storage.dll
0x00007ffa5cd90000 - 0x00007ffa5cecf000 	C:\WINDOWS\SYSTEM32\wintypes.dll
0x00007ffa60bd0000 - 0x00007ffa60cc9000 	C:\WINDOWS\System32\SHCORE.dll
0x00007ffa5fe00000 - 0x00007ffa5fe5e000 	C:\WINDOWS\System32\shlwapi.dll
0x00007ffa5ee80000 - 0x00007ffa5eea7000 	C:\WINDOWS\SYSTEM32\profapi.dll
0x00007ffa49ec0000 - 0x00007ffa49ed0000 	C:\Users\hp\.p2\pool\plugins\org.eclipse.justj.openjdk.hotspot.jre.full.win32.x86_64_15.0.2.v20210201-0955\jre\bin\verify.dll
0x00007ffa40b30000 - 0x00007ffa40b49000 	C:\Users\hp\.p2\pool\plugins\org.eclipse.justj.openjdk.hotspot.jre.full.win32.x86_64_15.0.2.v20210201-0955\jre\bin\net.dll
0x00007ffa5b080000 - 0x00007ffa5b1b6000 	C:\WINDOWS\SYSTEM32\WINHTTP.dll
0x00007ffa5e410000 - 0x00007ffa5e479000 	C:\WINDOWS\system32\mswsock.dll
0x00007ffa40b10000 - 0x00007ffa40b22000 	C:\Users\hp\.p2\pool\plugins\org.eclipse.justj.openjdk.hotspot.jre.full.win32.x86_64_15.0.2.v20210201-0955\jre\bin\nio.dll
0x00007ffa15e00000 - 0x00007ffa15f7f000 	C:\Users\hp\.p2\pool\plugins\org.eclipse.justj.openjdk.hotspot.jre.full.win32.x86_64_15.0.2.v20210201-0955\jre\bin\awt.dll
0x00007ffa5a200000 - 0x00007ffa5a297000 	C:\WINDOWS\SYSTEM32\apphelp.dll
0x00007ffa5c410000 - 0x00007ffa5c43b000 	C:\WINDOWS\system32\DWMAPI.DLL
0x00007ffa5c1a0000 - 0x00007ffa5c251000 	C:\WINDOWS\system32\uxtheme.dll
0x00007ffa16940000 - 0x00007ffa16a40000 	C:\WINDOWS\system32\opengl32.dll
0x00007ffa49d80000 - 0x00007ffa49dad000 	C:\WINDOWS\SYSTEM32\GLU32.dll
0x00007ffa5c2c0000 - 0x00007ffa5c2f7000 	C:\WINDOWS\SYSTEM32\dxcore.dll
0x00007ffa5ff90000 - 0x00007ffa600ee000 	C:\WINDOWS\System32\MSCTF.dll
0x00007ffa60a00000 - 0x00007ffa60ba5000 	C:\WINDOWS\System32\ole32.dll
0x00007ffa017a0000 - 0x00007ffa01948000 	C:\WINDOWS\system32\d3d9.dll
0x00007ffa50060000 - 0x00007ffa50218000 	C:\WINDOWS\System32\DriverStore\FileRepository\u0375335.inf_amd64_7de275617d9da25a\B374868\aticfx64.dll
0x00007ffa40c00000 - 0x00007ffa40c34000 	C:\WINDOWS\System32\DriverStore\FileRepository\u0375335.inf_amd64_7de275617d9da25a\B374868\atiu9p64.dll
0x00007ff9fed40000 - 0x00007ff9ffa94000 	C:\WINDOWS\System32\DriverStore\FileRepository\u0375335.inf_amd64_7de275617d9da25a\B374868\atiumd64.dll
0x0000000076680000 - 0x00000000774f3000 	C:\WINDOWS\System32\DriverStore\FileRepository\u0375335.inf_amd64_7de275617d9da25a\B374868\atiumd6a.dll
0x00007ffa61760000 - 0x00007ffa61bd4000 	C:\WINDOWS\System32\SETUPAPI.dll
0x00007ffa5ee20000 - 0x00007ffa5ee6d000 	C:\WINDOWS\SYSTEM32\POWRPROF.dll
0x00007ffa5ee00000 - 0x00007ffa5ee13000 	C:\WINDOWS\SYSTEM32\UMPDC.dll
0x00007ffa4ff20000 - 0x00007ffa4ff50000 	C:\WINDOWS\SYSTEM32\amdihk64.dll
0x00007ffa57350000 - 0x00007ffa57399000 	C:\WINDOWS\SYSTEM32\directxdatabasehelper.dll
0x00007ffa1e400000 - 0x00007ffa1e485000 	C:\Users\hp\.p2\pool\plugins\org.eclipse.justj.openjdk.hotspot.jre.full.win32.x86_64_15.0.2.v20210201-0955\jre\bin\freetype.dll
0x00007ffa163e0000 - 0x00007ffa16489000 	C:\Users\hp\.p2\pool\plugins\org.eclipse.justj.openjdk.hotspot.jre.full.win32.x86_64_15.0.2.v20210201-0955\jre\bin\fontmanager.dll
0x00007ffa46d40000 - 0x00007ffa46e83000 	C:\WINDOWS\SYSTEM32\textinputframework.dll
0x00007ffa59ed0000 - 0x00007ffa5a003000 	C:\WINDOWS\SYSTEM32\CoreMessaging.dll
0x00007ffa56bc0000 - 0x00007ffa56f2d000 	C:\WINDOWS\SYSTEM32\CoreUIComponents.dll
0x00007ffa5e660000 - 0x00007ffa5e66c000 	C:\WINDOWS\SYSTEM32\CRYPTBASE.DLL
0x00007ffa0f8c0000 - 0x00007ffa0f8ed000 	C:\Users\hp\.p2\pool\plugins\org.eclipse.justj.openjdk.hotspot.jre.full.win32.x86_64_15.0.2.v20210201-0955\jre\bin\javajpeg.dll

dbghelp: loaded successfully - version: 4.0.5 - missing functions: none
symbol engine: initialized successfully - sym options: 0x614 - pdb path: .;C:\Users\hp\.p2\pool\plugins\org.eclipse.justj.openjdk.hotspot.jre.full.win32.x86_64_15.0.2.v20210201-0955\jre\bin;C:\WINDOWS\SYSTEM32;C:\WINDOWS\WinSxS\amd64_microsoft.windows.common-controls_6595b64144ccf1df_6.0.22621.3672_none_2713b9d173822955;C:\Users\hp\.p2\pool\plugins\org.eclipse.justj.openjdk.hotspot.jre.full.win32.x86_64_15.0.2.v20210201-0955\jre\bin\server;C:\WINDOWS\System32\DriverStore\FileRepository\u0375335.inf_amd64_7de275617d9da25a\B374868

VM Arguments:
jvm_args: -Dfile.encoding=Cp1252 -XX:+ShowCodeDetailsInExceptionMessages 
java_command: Bank.Transactions
java_class_path (initial): J:\JAVA PROJECT\bin;J:\Jcalender class 3rd party\lib\jcalendar-1.4.jar;J:\MySql connector jar class\mysql-connector-j-9.0.0\mysql-connector-j-9.0.0.jar
Launcher Type: SUN_STANDARD

[Global flags]
     intx CICompilerCount                          = 4                                         {product} {ergonomic}
     uint ConcGCThreads                            = 2                                         {product} {ergonomic}
     uint G1ConcRefinementThreads                  = 8                                         {product} {ergonomic}
   size_t G1HeapRegionSize                         = 1048576                                   {product} {ergonomic}
    uintx GCDrainStackTargetSize                   = 64                                        {product} {ergonomic}
   size_t InitialHeapSize                          = 100663296                                 {product} {ergonomic}
   size_t MarkStackSize                            = 4194304                                   {product} {ergonomic}
   size_t MaxHeapSize                              = 1589641216                                {product} {ergonomic}
   size_t MaxNewSize                               = 953155584                                 {product} {ergonomic}
   size_t MinHeapDeltaBytes                        = 1048576                                   {product} {ergonomic}
   size_t MinHeapSize                              = 8388608                                   {product} {ergonomic}
    uintx NonNMethodCodeHeapSize                   = 5839372                                {pd product} {ergonomic}
    uintx NonProfiledCodeHeapSize                  = 122909434                              {pd product} {ergonomic}
    uintx ProfiledCodeHeapSize                     = 122909434                              {pd product} {ergonomic}
    uintx ReservedCodeCacheSize                    = 251658240                              {pd product} {ergonomic}
     bool SegmentedCodeCache                       = true                                      {product} {ergonomic}
     bool ShowCodeDetailsInExceptionMessages       = true                                   {manageable} {command line}
   size_t SoftMaxHeapSize                          = 1589641216                             {manageable} {ergonomic}
     bool UseCompressedClassPointers               = true                                 {lp64_product} {ergonomic}
     bool UseCompressedOops                        = true                                 {lp64_product} {ergonomic}
     bool UseG1GC                                  = true                                      {product} {ergonomic}
     bool UseLargePagesIndividualAllocation        = false                                  {pd product} {ergonomic}

Logging:
Log output configuration:
 #0: stdout all=warning uptime,level,tags
 #1: stderr all=off uptime,level,tags

Environment Variables:
JAVA_HOME=C:\Program Files (x86)\Java\jdk1.8.0_111
PATH=C:/Users/hp/.p2/pool/plugins/org.eclipse.justj.openjdk.hotspot.jre.full.win32.x86_64_15.0.2.v20210201-0955/jre/bin/server;C:/Users/hp/.p2/pool/plugins/org.eclipse.justj.openjdk.hotspot.jre.full.win32.x86_64_15.0.2.v20210201-0955/jre/bin;C:\Program Files\Java\jdk-22\bin;C:\Program Files\Common Files\Oracle\Java\javapath;C:\Python311\Scripts\;C:\Python311\;C:\WINDOWS\system32;C:\WINDOWS;C:\WINDOWS\System32\Wbem;C:\WINDOWS\System32\WindowsPowerShell\v1.0\;C:\WINDOWS\System32\OpenSSH\;C:\Program Files (x86)\Java\jdk1.8.0_111\bin;C:\MinGW\bin;C:\MinGW;C:\Program Files\nodejs\;C:\ProgramData\chocolatey\bin;C:\Program Files\HP\HP One Agent;C:\WINDOWS\system32;C:\WINDOWS;C:\WINDOWS\System32\Wbem;C:\WINDOWS\System32\WindowsPowerShell\v1.0\;C:\WINDOWS\System32\OpenSSH\;C:\Program Files\MySQL\MySQL Shell 8.0\bin\;C:\Users\hp\AppData\Local\Programs\Python\Python310\Scripts\;C:\Users\hp\AppData\Local\Programs\Python\Python310\;C:\Users\hp\AppData\Local\Microsoft\WindowsApps;C:\Program Files (x86)\mingw-w64\i686-8.1.0-posix-dwarf-rt_v6-rev0\mingw32\bin;C:\Users\hp\AppData\Local\Programs\Microsoft VS Code\bin;C:\Program Files\JetBrains\PyCharm 2023.1.1\bin;;C:\Users\hp\AppData\Roaming\npm;C:\Users\hp\AppData\Local\Programs\mongosh\;C:\Program Files\MongoDB\Server\7.0\bin;;C:\WINDOWS\system32;
USERNAME=hp
OS=Windows_NT
PROCESSOR_IDENTIFIER=AMD64 Family 23 Model 24 Stepping 1, AuthenticAMD



---------------  S Y S T E M  ---------------

OS:
 Windows 10 , 64 bit Build 22621 (10.0.22621.3958)
OS uptime: 1 days 11:28 hours

CPU: total 8 (initial active 8) (8 cores per cpu, 2 threads per core) family 23 model 24 stepping 1 microcode 0x0, cmov, cx8, fxsr, mmx, sse, sse2, sse3, ssse3, sse4.1, sse4.2, popcnt, vzeroupper, avx, avx2, aes, clmul, 3dnowpref, lzcnt, sse4a, ht, tsc, tscinvbit, tscinv, bmi1, bmi2, adx, sha, fma, clflush, clflushopt

Memory: 4k page, system-wide physical 6060M (341M free)
TotalPageFile size 24492M (AvailPageFile size 23M)
current process WorkingSet (physical memory assigned to process): 157M, peak: 157M
current process commit charge ("private bytes"): 211M, peak: 257M

vm_info: OpenJDK 64-Bit Server VM (15.0.2+7-27) for windows-amd64 JRE (15.0.2+7-27), built on Dec  7 2020 20:02:38 by "mach5one" with unknown MS VC++:1925

END.
