#
# A fatal error has been detected by the Java Runtime Environment:
#
#  EXCEPTION_UNCAUGHT_CXX_EXCEPTION (0xe06d7363) at pc=0x00007ffc9177fabc, pid=20524, tid=23456
#
# JRE version: OpenJDK Runtime Environment (15.0.2+7) (build 15.0.2+7-27)
# Java VM: OpenJDK 64-Bit Server VM (15.0.2+7-27, mixed mode, tiered, compressed oops, g1 gc, windows-amd64)
# Problematic frame:
# C  [KERNELBASE.dll+0x5fabc]
#
# No core dump will be written. Minidumps are not enabled by default on client versions of Windows
#
# If you would like to submit a bug report, please visit:
#   https://bugreport.java.com/bugreport/crash.jsp
#

---------------  S U M M A R Y ------------

Command Line: -Dfile.encoding=Cp1252 -XX:+ShowCodeDetailsInExceptionMessages Bank.Signup

Host: AMD Ryzen 5 3500U with Radeon Vega Mobile Gfx  , 8 cores, 5G,  Windows 10 , 64 bit Build 22621 (10.0.22621.3958)
Time: Mon Sep 16 01:05:47 2024 India Standard Time elapsed time: 0.297190 seconds (0d 0h 0m 0s)

---------------  T H R E A D  ---------------

Current thread (0x000001b7c8139ab0):  JavaThread "main" [_thread_in_vm, id=23456, stack(0x0000009dae000000,0x0000009dae100000)]

Stack: [0x0000009dae000000,0x0000009dae100000],  sp=0x0000009dae0fd770,  free space=1013k
Native frames: (J=compiled Java code, j=interpreted, Vv=VM code, C=native code)
C  [KERNELBASE.dll+0x5fabc]
C  [VCRUNTIME140.dll+0x61e0]
C  [jimage.dll+0x3667]
C  [jimage.dll+0x2a51]
C  [jimage.dll+0x146b]
C  [jimage.dll+0x1ed3]
C  [jimage.dll+0x1f6a]
C  [jimage.dll+0x26a2]
V  [jvm.dll+0x1c6867]
V  [jvm.dll+0x1c5650]
V  [jvm.dll+0x706243]
V  [jvm.dll+0x707c08]
V  [jvm.dll+0x707f03]
V  [jvm.dll+0x20f104]
V  [jvm.dll+0x348fd1]
C  0x000001b7cbb5ec80

Java frames: (J=compiled Java code, j=interpreted, Vv=VM code)
j  sun.awt.windows.WComponentPeer.<clinit>()V+27 java.desktop@15.0.2
v  ~StubRoutines::call_stub
j  java.awt.Component.initIDs()V+0 java.desktop@15.0.2
j  java.awt.Component.<clinit>()V+102 java.desktop@15.0.2
v  ~StubRoutines::call_stub

siginfo: EXCEPTION_UNCAUGHT_CXX_EXCEPTION (0xe06d7363), ExceptionInformation=0x0000000019930520 0x0000009dae0fd8d0 0x00007ffc67c95120 0x00007ffc67c90000 


Register to memory mapping:

RIP=0x00007ffc9177fabc KERNELBASE.dll
RAX=0x0000009dae0fd140 is pointing into the stack for thread: 0x000001b7c8139ab0
RBX=0x00007ffc67c95120 jimage.dll
RCX=0x000001b7e1ba7b50 points into unknown readable memory: 0x005c003f003f005c | 5c 00 3f 00 3f 00 5c 00
RDX=0x00007ffc91614d91 ucrtbase.dll
RSP=0x0000009dae0fd770 is pointing into the stack for thread: 0x000001b7c8139ab0
RBP=0x0000009dae0fda00 is pointing into the stack for thread: 0x000001b7c8139ab0
RSI=0x0000009dae0fd8d0 is pointing into the stack for thread: 0x000001b7c8139ab0
RDI=0x0000000019930520 is an unknown value
R8 =0x0000009dae0fd1a0 is pointing into the stack for thread: 0x000001b7c8139ab0
R9 =0x0000011000000000 is an unknown value
R10=0x00007ffc4c760000 awt.dll
R11=0x00007ffce160ee18 is an unknown value
R12=0x000000000000870d is an unknown value
R13=0x000001b7c8139fc0 points into unknown readable memory: 0x7365642e6176616a | 6a 61 76 61 2e 64 65 73
R14=0x000001b7e2048fe0 points into unknown readable memory: 0x0000000000000005 | 05 00 00 00 00 00 00 00
R15=0x000001b7e2048fe0 points into unknown readable memory: 0x0000000000000005 | 05 00 00 00 00 00 00 00


Registers:
RAX=0x0000009dae0fd140, RBX=0x00007ffc67c95120, RCX=0x000001b7e1ba7b50, RDX=0x00007ffc91614d91
RSP=0x0000009dae0fd770, RBP=0x0000009dae0fda00, RSI=0x0000009dae0fd8d0, RDI=0x0000000019930520
R8 =0x0000009dae0fd1a0, R9 =0x0000011000000000, R10=0x00007ffc4c760000, R11=0x00007ffce160ee18
R12=0x000000000000870d, R13=0x000001b7c8139fc0, R14=0x000001b7e2048fe0, R15=0x000001b7e2048fe0
RIP=0x00007ffc9177fabc, EFLAGS=0x0000000000000206

Top of Stack: (sp=0x0000009dae0fd770)
0x0000009dae0fd770:   0000000000000010 00007ffc67c95120
0x0000009dae0fd780:   0000009dae0fd8d0 0000000000000030
0x0000009dae0fd790:   00000081e06d7363 0000000000000000
0x0000009dae0fd7a0:   00007ffc9177fabc 0000000000000004
0x0000009dae0fd7b0:   0000000019930520 0000009dae0fd8d0
0x0000009dae0fd7c0:   00007ffc67c95120 00007ffc67c90000
0x0000009dae0fd7d0:   000001b700000000 0000000000000002
0x0000009dae0fd7e0:   0000000000000000 00007ffc67c95120
0x0000009dae0fd7f0:   000001b7e2048fe0 00007ffc940a6acf
0x0000009dae0fd800:   0000009dae0fd870 00007ffc67c97000
0x0000009dae0fd810:   0000009dae0fd8d0 0000000019930520
0x0000009dae0fd820:   00007ffc67c97000 00007ffc67c90000
0x0000009dae0fd830:   0000d4edc47162bb 00007ffc91748fdb
0x0000009dae0fd840:   00007ffc67c95120 00007ffc8b7f61e0
0x0000009dae0fd850:   0000521a8de4f988 00007ffc91611966
0x0000009dae0fd860:   0000000000000008 00007ffc91620475 

Instructions: (pc=0x00007ffc9177fabc)
0x00007ffc9177f9bc:   ff 4c 8d 05 74 0e 2d 00 33 d2 b9 00 00 10 00 e8
0x00007ffc9177f9cc:   c0 3f fe ff 4c 8b f0 48 89 44 24 58 48 85 c0 0f
0x00007ffc9177f9dc:   84 0b fe ff ff 4c 8d 05 38 0e 2d 00 33 d2 8d 4a
0x00007ffc9177f9ec:   02 e8 9e 3f fe ff 48 8b f8 48 89 44 24 50 e9 ed
0x00007ffc9177f9fc:   fd ff ff 45 33 c0 49 8b d7 48 83 c9 ff e8 72 a6
0x00007ffc9177fa0c:   01 00 e9 08 ff ff ff 48 8b 0d 6e f2 2f 00 e8 31
0x00007ffc9177fa1c:   c2 fd ff 48 8b cf e8 f9 95 fc ff e9 f8 fe ff ff
0x00007ffc9177fa2c:   49 8b ce e8 ec 95 fc ff e9 f4 fe ff ff 48 8b ce
0x00007ffc9177fa3c:   e8 df 95 fc ff e9 f0 fe ff ff cc cc 71 18 d3 7a
0x00007ffc9177fa4c:   1a 87 89 f9 48 81 ec d8 00 00 00 48 8b 05 22 c5
0x00007ffc9177fa5c:   2f 00 48 33 c4 48 89 84 24 c0 00 00 00 48 83 64
0x00007ffc9177fa6c:   24 28 00 48 8d 05 da ff ff ff 83 e2 01 89 4c 24
0x00007ffc9177fa7c:   20 89 54 24 24 48 89 44 24 30 4d 85 c9 74 4f b8
0x00007ffc9177fa8c:   0f 00 00 00 48 8d 4c 24 40 44 3b c0 49 8b d1 41
0x00007ffc9177fa9c:   0f 46 c0 44 8b c0 44 89 44 24 38 49 c1 e0 03 e8
0x00007ffc9177faac:   47 22 07 00 48 8d 4c 24 20 48 ff 15 e4 52 20 00
0x00007ffc9177fabc:   0f 1f 44 00 00 48 8b 8c 24 c0 00 00 00 48 33 cc
0x00007ffc9177facc:   e8 4f 09 05 00 48 81 c4 d8 00 00 00 c3 cc 83 64
0x00007ffc9177fadc:   24 38 00 eb cf cc cc cc cc cc cc cc 48 8b c4 48
0x00007ffc9177faec:   89 58 08 48 89 70 10 48 89 78 18 4c 89 68 20 55
0x00007ffc9177fafc:   41 56 41 57 48 8d 68 a1 48 81 ec e0 00 00 00 48
0x00007ffc9177fb0c:   8b 05 6e c4 2f 00 48 33 c4 48 89 45 3f 45 33 ff
0x00007ffc9177fb1c:   66 c7 45 2b 00 05 48 8d 45 c7 44 89 7d 27 48 89
0x00007ffc9177fb2c:   44 24 50 48 8d 4d 27 44 89 7c 24 48 45 33 c9 44
0x00007ffc9177fb3c:   89 7c 24 40 45 8d 47 12 44 89 7c 24 38 b2 01 44
0x00007ffc9177fb4c:   89 7c 24 30 41 8b df 44 89 7c 24 28 41 8b ff 44
0x00007ffc9177fb5c:   89 7c 24 20 45 8b f7 44 89 7d 2f 66 c7 45 33 00
0x00007ffc9177fb6c:   01 44 89 7d 37 66 c7 45 3b 00 10 4c 89 7d c7 4c
0x00007ffc9177fb7c:   89 7d cf 4c 89 7d d7 4c 89 7d df 48 ff 15 32 53
0x00007ffc9177fb8c:   20 00 0f 1f 44 00 00 85 c0 0f 88 a7 02 00 00 48
0x00007ffc9177fb9c:   8d 45 cf 41 b9 20 02 00 00 48 89 44 24 50 45 8d
0x00007ffc9177fbac:   6f 02 44 89 7c 24 48 45 8d 47 20 44 89 7c 24 40 


Stack slot to memory mapping:
stack at sp + 0 slots: 0x0000000000000010 is an unknown value
stack at sp + 1 slots: 0x00007ffc67c95120 jimage.dll
stack at sp + 2 slots: 0x0000009dae0fd8d0 is pointing into the stack for thread: 0x000001b7c8139ab0
stack at sp + 3 slots: 0x0000000000000030 is an unknown value
stack at sp + 4 slots: 0x00000081e06d7363 is an unknown value
stack at sp + 5 slots: 0x0 is NULL
stack at sp + 6 slots: 0x00007ffc9177fabc KERNELBASE.dll
stack at sp + 7 slots: 0x0000000000000004 is an unknown value


---------------  P R O C E S S  ---------------

Threads class SMR info:
_java_thread_list=0x000001b7e1b39170, length=11, elements={
0x000001b7c8139ab0, 0x000001b7e1972010, 0x000001b7e19729c0, 0x000001b7e115e060,
0x000001b7e115e920, 0x000001b7e198e400, 0x000001b7e1991410, 0x000001b7e1999ec0,
0x000001b7e199ddb0, 0x000001b7e1b22b10, 0x000001b7e1b3a310
}

Java Threads: ( => current thread )
=>0x000001b7c8139ab0 JavaThread "main" [_thread_in_vm, id=23456, stack(0x0000009dae000000,0x0000009dae100000)]
  0x000001b7e1972010 JavaThread "Reference Handler" daemon [_thread_blocked, id=12940, stack(0x0000009dae700000,0x0000009dae800000)]
  0x000001b7e19729c0 JavaThread "Finalizer" daemon [_thread_blocked, id=10936, stack(0x0000009dae800000,0x0000009dae900000)]
  0x000001b7e115e060 JavaThread "Signal Dispatcher" daemon [_thread_blocked, id=18864, stack(0x0000009dae900000,0x0000009daea00000)]
  0x000001b7e115e920 JavaThread "Attach Listener" daemon [_thread_blocked, id=15364, stack(0x0000009daea00000,0x0000009daeb00000)]
  0x000001b7e198e400 JavaThread "Service Thread" daemon [_thread_blocked, id=22908, stack(0x0000009daeb00000,0x0000009daec00000)]
  0x000001b7e1991410 JavaThread "C2 CompilerThread0" daemon [_thread_blocked, id=22772, stack(0x0000009daec00000,0x0000009daed00000)]
  0x000001b7e1999ec0 JavaThread "C1 CompilerThread0" daemon [_thread_blocked, id=22656, stack(0x0000009daed00000,0x0000009daee00000)]
  0x000001b7e199ddb0 JavaThread "Sweeper thread" daemon [_thread_blocked, id=22744, stack(0x0000009daee00000,0x0000009daef00000)]
  0x000001b7e1b22b10 JavaThread "Notification Thread" daemon [_thread_blocked, id=4956, stack(0x0000009daef00000,0x0000009daf000000)]
  0x000001b7e1b3a310 JavaThread "Common-Cleaner" daemon [_thread_blocked, id=4796, stack(0x0000009daf100000,0x0000009daf200000)]

Other Threads:
  0x000001b7e112ee80 VMThread "VM Thread" [stack: 0x0000009dae600000,0x0000009dae700000] [id=22740]
  0x000001b7e1b235f0 WatcherThread [stack: 0x0000009daf000000,0x0000009daf100000] [id=14800]
  0x000001b7c8171a90 GCTaskThread "GC Thread#0" [stack: 0x0000009dae100000,0x0000009dae200000] [id=4804]
  0x000001b7c817e9e0 ConcurrentGCThread "G1 Main Marker" [stack: 0x0000009dae200000,0x0000009dae300000] [id=13320]
  0x000001b7c817f550 ConcurrentGCThread "G1 Conc#0" [stack: 0x0000009dae300000,0x0000009dae400000] [id=19724]
  0x000001b7c81f7d00 ConcurrentGCThread "G1 Refine#0" [stack: 0x0000009dae400000,0x0000009dae500000] [id=24584]
  0x000001b7c81f8880 ConcurrentGCThread "G1 Young RemSet Sampling" [stack: 0x0000009dae500000,0x0000009dae600000] [id=21008]

Threads with active compile tasks:

VM state: not at safepoint (normal execution)

VM Mutex/Monitor currently owned by a thread: None

Heap address: 0x00000000a1400000, size: 1516 MB, Compressed Oops mode: 32-bit
CDS disabled.
Compressed class space mapped at: 0x0000000100000000-0x0000000140000000, size: 1073741824
Narrow klass base: 0x0000000000000000, Narrow klass shift: 3, Narrow klass range: 0x140000000

GC Precious Log:
 CPUs: 8 total, 8 available
 Memory: 6060M
 Large Page Support: Disabled
 NUMA Support: Disabled
 Compressed Oops: Enabled (32-bit)
 Heap Region Size: 1M
 Heap Min Capacity: 8M
 Heap Initial Capacity: 96M
 Heap Max Capacity: 1516M
 Pre-touch: Disabled
 Parallel Workers: 8
 Concurrent Workers: 2
 Concurrent Refinement Workers: 8
 Periodic GC: Disabled

Heap:
 garbage-first heap   total 98304K, used 2048K [0x00000000a1400000, 0x0000000100000000)
  region size 1024K, 3 young (3072K), 0 survivors (0K)
 Metaspace       used 7535K, capacity 7682K, committed 7936K, reserved 1062912K
  class space    used 662K, capacity 704K, committed 768K, reserved 1048576K

Heap Regions: E=young(eden), S=young(survivor), O=old, HS=humongous(starts), HC=humongous(continues), CS=collection set, F=free, OA=open archive, CA=closed archive, TAMS=top-at-mark-start (previous, next)
|   0|0x00000000a1400000, 0x00000000a1400000, 0x00000000a1500000|  0%| F|  |TAMS 0x00000000a1400000, 0x00000000a1400000| Untracked 
|   1|0x00000000a1500000, 0x00000000a1500000, 0x00000000a1600000|  0%| F|  |TAMS 0x00000000a1500000, 0x00000000a1500000| Untracked 
|   2|0x00000000a1600000, 0x00000000a1600000, 0x00000000a1700000|  0%| F|  |TAMS 0x00000000a1600000, 0x00000000a1600000| Untracked 
|   3|0x00000000a1700000, 0x00000000a1700000, 0x00000000a1800000|  0%| F|  |TAMS 0x00000000a1700000, 0x00000000a1700000| Untracked 
|   4|0x00000000a1800000, 0x00000000a1800000, 0x00000000a1900000|  0%| F|  |TAMS 0x00000000a1800000, 0x00000000a1800000| Untracked 
|   5|0x00000000a1900000, 0x00000000a1900000, 0x00000000a1a00000|  0%| F|  |TAMS 0x00000000a1900000, 0x00000000a1900000| Untracked 
|   6|0x00000000a1a00000, 0x00000000a1a00000, 0x00000000a1b00000|  0%| F|  |TAMS 0x00000000a1a00000, 0x00000000a1a00000| Untracked 
|   7|0x00000000a1b00000, 0x00000000a1b00000, 0x00000000a1c00000|  0%| F|  |TAMS 0x00000000a1b00000, 0x00000000a1b00000| Untracked 
|   8|0x00000000a1c00000, 0x00000000a1c00000, 0x00000000a1d00000|  0%| F|  |TAMS 0x00000000a1c00000, 0x00000000a1c00000| Untracked 
|   9|0x00000000a1d00000, 0x00000000a1d00000, 0x00000000a1e00000|  0%| F|  |TAMS 0x00000000a1d00000, 0x00000000a1d00000| Untracked 
|  10|0x00000000a1e00000, 0x00000000a1e00000, 0x00000000a1f00000|  0%| F|  |TAMS 0x00000000a1e00000, 0x00000000a1e00000| Untracked 
|  11|0x00000000a1f00000, 0x00000000a1f00000, 0x00000000a2000000|  0%| F|  |TAMS 0x00000000a1f00000, 0x00000000a1f00000| Untracked 
|  12|0x00000000a2000000, 0x00000000a2000000, 0x00000000a2100000|  0%| F|  |TAMS 0x00000000a2000000, 0x00000000a2000000| Untracked 
|  13|0x00000000a2100000, 0x00000000a2100000, 0x00000000a2200000|  0%| F|  |TAMS 0x00000000a2100000, 0x00000000a2100000| Untracked 
|  14|0x00000000a2200000, 0x00000000a2200000, 0x00000000a2300000|  0%| F|  |TAMS 0x00000000a2200000, 0x00000000a2200000| Untracked 
|  15|0x00000000a2300000, 0x00000000a2300000, 0x00000000a2400000|  0%| F|  |TAMS 0x00000000a2300000, 0x00000000a2300000| Untracked 
|  16|0x00000000a2400000, 0x00000000a2400000, 0x00000000a2500000|  0%| F|  |TAMS 0x00000000a2400000, 0x00000000a2400000| Untracked 
|  17|0x00000000a2500000, 0x00000000a2500000, 0x00000000a2600000|  0%| F|  |TAMS 0x00000000a2500000, 0x00000000a2500000| Untracked 
|  18|0x00000000a2600000, 0x00000000a2600000, 0x00000000a2700000|  0%| F|  |TAMS 0x00000000a2600000, 0x00000000a2600000| Untracked 
|  19|0x00000000a2700000, 0x00000000a2700000, 0x00000000a2800000|  0%| F|  |TAMS 0x00000000a2700000, 0x00000000a2700000| Untracked 
|  20|0x00000000a2800000, 0x00000000a2800000, 0x00000000a2900000|  0%| F|  |TAMS 0x00000000a2800000, 0x00000000a2800000| Untracked 
|  21|0x00000000a2900000, 0x00000000a2900000, 0x00000000a2a00000|  0%| F|  |TAMS 0x00000000a2900000, 0x00000000a2900000| Untracked 
|  22|0x00000000a2a00000, 0x00000000a2a00000, 0x00000000a2b00000|  0%| F|  |TAMS 0x00000000a2a00000, 0x00000000a2a00000| Untracked 
|  23|0x00000000a2b00000, 0x00000000a2b00000, 0x00000000a2c00000|  0%| F|  |TAMS 0x00000000a2b00000, 0x00000000a2b00000| Untracked 
|  24|0x00000000a2c00000, 0x00000000a2c00000, 0x00000000a2d00000|  0%| F|  |TAMS 0x00000000a2c00000, 0x00000000a2c00000| Untracked 
|  25|0x00000000a2d00000, 0x00000000a2d00000, 0x00000000a2e00000|  0%| F|  |TAMS 0x00000000a2d00000, 0x00000000a2d00000| Untracked 
|  26|0x00000000a2e00000, 0x00000000a2e00000, 0x00000000a2f00000|  0%| F|  |TAMS 0x00000000a2e00000, 0x00000000a2e00000| Untracked 
|  27|0x00000000a2f00000, 0x00000000a2f00000, 0x00000000a3000000|  0%| F|  |TAMS 0x00000000a2f00000, 0x00000000a2f00000| Untracked 
|  28|0x00000000a3000000, 0x00000000a3000000, 0x00000000a3100000|  0%| F|  |TAMS 0x00000000a3000000, 0x00000000a3000000| Untracked 
|  29|0x00000000a3100000, 0x00000000a3100000, 0x00000000a3200000|  0%| F|  |TAMS 0x00000000a3100000, 0x00000000a3100000| Untracked 
|  30|0x00000000a3200000, 0x00000000a3200000, 0x00000000a3300000|  0%| F|  |TAMS 0x00000000a3200000, 0x00000000a3200000| Untracked 
|  31|0x00000000a3300000, 0x00000000a3300000, 0x00000000a3400000|  0%| F|  |TAMS 0x00000000a3300000, 0x00000000a3300000| Untracked 
|  32|0x00000000a3400000, 0x00000000a3400000, 0x00000000a3500000|  0%| F|  |TAMS 0x00000000a3400000, 0x00000000a3400000| Untracked 
|  33|0x00000000a3500000, 0x00000000a3500000, 0x00000000a3600000|  0%| F|  |TAMS 0x00000000a3500000, 0x00000000a3500000| Untracked 
|  34|0x00000000a3600000, 0x00000000a3600000, 0x00000000a3700000|  0%| F|  |TAMS 0x00000000a3600000, 0x00000000a3600000| Untracked 
|  35|0x00000000a3700000, 0x00000000a3700000, 0x00000000a3800000|  0%| F|  |TAMS 0x00000000a3700000, 0x00000000a3700000| Untracked 
|  36|0x00000000a3800000, 0x00000000a3800000, 0x00000000a3900000|  0%| F|  |TAMS 0x00000000a3800000, 0x00000000a3800000| Untracked 
|  37|0x00000000a3900000, 0x00000000a3900000, 0x00000000a3a00000|  0%| F|  |TAMS 0x00000000a3900000, 0x00000000a3900000| Untracked 
|  38|0x00000000a3a00000, 0x00000000a3a00000, 0x00000000a3b00000|  0%| F|  |TAMS 0x00000000a3a00000, 0x00000000a3a00000| Untracked 
|  39|0x00000000a3b00000, 0x00000000a3b00000, 0x00000000a3c00000|  0%| F|  |TAMS 0x00000000a3b00000, 0x00000000a3b00000| Untracked 
|  40|0x00000000a3c00000, 0x00000000a3c00000, 0x00000000a3d00000|  0%| F|  |TAMS 0x00000000a3c00000, 0x00000000a3c00000| Untracked 
|  41|0x00000000a3d00000, 0x00000000a3d00000, 0x00000000a3e00000|  0%| F|  |TAMS 0x00000000a3d00000, 0x00000000a3d00000| Untracked 
|  42|0x00000000a3e00000, 0x00000000a3e00000, 0x00000000a3f00000|  0%| F|  |TAMS 0x00000000a3e00000, 0x00000000a3e00000| Untracked 
|  43|0x00000000a3f00000, 0x00000000a3f00000, 0x00000000a4000000|  0%| F|  |TAMS 0x00000000a3f00000, 0x00000000a3f00000| Untracked 
|  44|0x00000000a4000000, 0x00000000a4000000, 0x00000000a4100000|  0%| F|  |TAMS 0x00000000a4000000, 0x00000000a4000000| Untracked 
|  45|0x00000000a4100000, 0x00000000a4100000, 0x00000000a4200000|  0%| F|  |TAMS 0x00000000a4100000, 0x00000000a4100000| Untracked 
|  46|0x00000000a4200000, 0x00000000a4200000, 0x00000000a4300000|  0%| F|  |TAMS 0x00000000a4200000, 0x00000000a4200000| Untracked 
|  47|0x00000000a4300000, 0x00000000a4300000, 0x00000000a4400000|  0%| F|  |TAMS 0x00000000a4300000, 0x00000000a4300000| Untracked 
|  48|0x00000000a4400000, 0x00000000a4400000, 0x00000000a4500000|  0%| F|  |TAMS 0x00000000a4400000, 0x00000000a4400000| Untracked 
|  49|0x00000000a4500000, 0x00000000a4500000, 0x00000000a4600000|  0%| F|  |TAMS 0x00000000a4500000, 0x00000000a4500000| Untracked 
|  50|0x00000000a4600000, 0x00000000a4600000, 0x00000000a4700000|  0%| F|  |TAMS 0x00000000a4600000, 0x00000000a4600000| Untracked 
|  51|0x00000000a4700000, 0x00000000a4700000, 0x00000000a4800000|  0%| F|  |TAMS 0x00000000a4700000, 0x00000000a4700000| Untracked 
|  52|0x00000000a4800000, 0x00000000a4800000, 0x00000000a4900000|  0%| F|  |TAMS 0x00000000a4800000, 0x00000000a4800000| Untracked 
|  53|0x00000000a4900000, 0x00000000a4900000, 0x00000000a4a00000|  0%| F|  |TAMS 0x00000000a4900000, 0x00000000a4900000| Untracked 
|  54|0x00000000a4a00000, 0x00000000a4a00000, 0x00000000a4b00000|  0%| F|  |TAMS 0x00000000a4a00000, 0x00000000a4a00000| Untracked 
|  55|0x00000000a4b00000, 0x00000000a4b00000, 0x00000000a4c00000|  0%| F|  |TAMS 0x00000000a4b00000, 0x00000000a4b00000| Untracked 
|  56|0x00000000a4c00000, 0x00000000a4c00000, 0x00000000a4d00000|  0%| F|  |TAMS 0x00000000a4c00000, 0x00000000a4c00000| Untracked 
|  57|0x00000000a4d00000, 0x00000000a4d00000, 0x00000000a4e00000|  0%| F|  |TAMS 0x00000000a4d00000, 0x00000000a4d00000| Untracked 
|  58|0x00000000a4e00000, 0x00000000a4e00000, 0x00000000a4f00000|  0%| F|  |TAMS 0x00000000a4e00000, 0x00000000a4e00000| Untracked 
|  59|0x00000000a4f00000, 0x00000000a4f00000, 0x00000000a5000000|  0%| F|  |TAMS 0x00000000a4f00000, 0x00000000a4f00000| Untracked 
|  60|0x00000000a5000000, 0x00000000a5000000, 0x00000000a5100000|  0%| F|  |TAMS 0x00000000a5000000, 0x00000000a5000000| Untracked 
|  61|0x00000000a5100000, 0x00000000a5100000, 0x00000000a5200000|  0%| F|  |TAMS 0x00000000a5100000, 0x00000000a5100000| Untracked 
|  62|0x00000000a5200000, 0x00000000a5200000, 0x00000000a5300000|  0%| F|  |TAMS 0x00000000a5200000, 0x00000000a5200000| Untracked 
|  63|0x00000000a5300000, 0x00000000a5300000, 0x00000000a5400000|  0%| F|  |TAMS 0x00000000a5300000, 0x00000000a5300000| Untracked 
|  64|0x00000000a5400000, 0x00000000a5400000, 0x00000000a5500000|  0%| F|  |TAMS 0x00000000a5400000, 0x00000000a5400000| Untracked 
|  65|0x00000000a5500000, 0x00000000a5500000, 0x00000000a5600000|  0%| F|  |TAMS 0x00000000a5500000, 0x00000000a5500000| Untracked 
|  66|0x00000000a5600000, 0x00000000a5600000, 0x00000000a5700000|  0%| F|  |TAMS 0x00000000a5600000, 0x00000000a5600000| Untracked 
|  67|0x00000000a5700000, 0x00000000a5700000, 0x00000000a5800000|  0%| F|  |TAMS 0x00000000a5700000, 0x00000000a5700000| Untracked 
|  68|0x00000000a5800000, 0x00000000a5800000, 0x00000000a5900000|  0%| F|  |TAMS 0x00000000a5800000, 0x00000000a5800000| Untracked 
|  69|0x00000000a5900000, 0x00000000a5900000, 0x00000000a5a00000|  0%| F|  |TAMS 0x00000000a5900000, 0x00000000a5900000| Untracked 
|  70|0x00000000a5a00000, 0x00000000a5a00000, 0x00000000a5b00000|  0%| F|  |TAMS 0x00000000a5a00000, 0x00000000a5a00000| Untracked 
|  71|0x00000000a5b00000, 0x00000000a5b00000, 0x00000000a5c00000|  0%| F|  |TAMS 0x00000000a5b00000, 0x00000000a5b00000| Untracked 
|  72|0x00000000a5c00000, 0x00000000a5c00000, 0x00000000a5d00000|  0%| F|  |TAMS 0x00000000a5c00000, 0x00000000a5c00000| Untracked 
|  73|0x00000000a5d00000, 0x00000000a5d00000, 0x00000000a5e00000|  0%| F|  |TAMS 0x00000000a5d00000, 0x00000000a5d00000| Untracked 
|  74|0x00000000a5e00000, 0x00000000a5e00000, 0x00000000a5f00000|  0%| F|  |TAMS 0x00000000a5e00000, 0x00000000a5e00000| Untracked 
|  75|0x00000000a5f00000, 0x00000000a5f00000, 0x00000000a6000000|  0%| F|  |TAMS 0x00000000a5f00000, 0x00000000a5f00000| Untracked 
|  76|0x00000000a6000000, 0x00000000a6000000, 0x00000000a6100000|  0%| F|  |TAMS 0x00000000a6000000, 0x00000000a6000000| Untracked 
|  77|0x00000000a6100000, 0x00000000a6100000, 0x00000000a6200000|  0%| F|  |TAMS 0x00000000a6100000, 0x00000000a6100000| Untracked 
|  78|0x00000000a6200000, 0x00000000a6200000, 0x00000000a6300000|  0%| F|  |TAMS 0x00000000a6200000, 0x00000000a6200000| Untracked 
|  79|0x00000000a6300000, 0x00000000a6300000, 0x00000000a6400000|  0%| F|  |TAMS 0x00000000a6300000, 0x00000000a6300000| Untracked 
|  80|0x00000000a6400000, 0x00000000a6400000, 0x00000000a6500000|  0%| F|  |TAMS 0x00000000a6400000, 0x00000000a6400000| Untracked 
|  81|0x00000000a6500000, 0x00000000a6500000, 0x00000000a6600000|  0%| F|  |TAMS 0x00000000a6500000, 0x00000000a6500000| Untracked 
|  82|0x00000000a6600000, 0x00000000a6600000, 0x00000000a6700000|  0%| F|  |TAMS 0x00000000a6600000, 0x00000000a6600000| Untracked 
|  83|0x00000000a6700000, 0x00000000a6700000, 0x00000000a6800000|  0%| F|  |TAMS 0x00000000a6700000, 0x00000000a6700000| Untracked 
|  84|0x00000000a6800000, 0x00000000a6800000, 0x00000000a6900000|  0%| F|  |TAMS 0x00000000a6800000, 0x00000000a6800000| Untracked 
|  85|0x00000000a6900000, 0x00000000a6900000, 0x00000000a6a00000|  0%| F|  |TAMS 0x00000000a6900000, 0x00000000a6900000| Untracked 
|  86|0x00000000a6a00000, 0x00000000a6a00000, 0x00000000a6b00000|  0%| F|  |TAMS 0x00000000a6a00000, 0x00000000a6a00000| Untracked 
|  87|0x00000000a6b00000, 0x00000000a6b00000, 0x00000000a6c00000|  0%| F|  |TAMS 0x00000000a6b00000, 0x00000000a6b00000| Untracked 
|  88|0x00000000a6c00000, 0x00000000a6c00000, 0x00000000a6d00000|  0%| F|  |TAMS 0x00000000a6c00000, 0x00000000a6c00000| Untracked 
|  89|0x00000000a6d00000, 0x00000000a6d00000, 0x00000000a6e00000|  0%| F|  |TAMS 0x00000000a6d00000, 0x00000000a6d00000| Untracked 
|  90|0x00000000a6e00000, 0x00000000a6e00000, 0x00000000a6f00000|  0%| F|  |TAMS 0x00000000a6e00000, 0x00000000a6e00000| Untracked 
|  91|0x00000000a6f00000, 0x00000000a6f00000, 0x00000000a7000000|  0%| F|  |TAMS 0x00000000a6f00000, 0x00000000a6f00000| Untracked 
|  92|0x00000000a7000000, 0x00000000a7000000, 0x00000000a7100000|  0%| F|  |TAMS 0x00000000a7000000, 0x00000000a7000000| Untracked 
|  93|0x00000000a7100000, 0x00000000a7176490, 0x00000000a7200000| 46%| E|  |TAMS 0x00000000a7100000, 0x00000000a7100000| Complete 
|  94|0x00000000a7200000, 0x00000000a7300000, 0x00000000a7300000|100%| E|CS|TAMS 0x00000000a7200000, 0x00000000a7200000| Complete 
|  95|0x00000000a7300000, 0x00000000a7400000, 0x00000000a7400000|100%| E|CS|TAMS 0x00000000a7300000, 0x00000000a7300000| Complete 

Card table byte_map: [0x000001b7db170000,0x000001b7db470000] _byte_map_base: 0x000001b7dac66000

Marking Bits (Prev, Next): (CMBitMap*) 0x000001b7c8172200, (CMBitMap*) 0x000001b7c8172240
 Prev Bits: [0x000001b7db770000, 0x000001b7dcf20000)
 Next Bits: [0x000001b7dcf20000, 0x000001b7de6d0000)

Polling page: 0x000001b7c6110000

Metaspace:

Usage:
  Non-class:      6.81 MB capacity,     6.71 MB ( 98%) used,    98.66 KB (  1%) free+waste,     6.19 KB ( <1%) overhead. 
      Class:    704.00 KB capacity,   662.62 KB ( 94%) used,    39.07 KB (  6%) free+waste,     2.31 KB ( <1%) overhead. 
       Both:      7.50 MB capacity,     7.36 MB ( 98%) used,   137.73 KB (  2%) free+waste,     8.50 KB ( <1%) overhead. 

Virtual space:
  Non-class space:       14.00 MB reserved,       7.00 MB ( 50%) committed 
      Class space:        1.00 GB reserved,     768.00 KB ( <1%) committed 
             Both:        1.01 GB reserved,       7.75 MB ( <1%) committed 

Chunk freelists:
   Non-Class:  62.00 KB
       Class:  0 bytes
        Both:  62.00 KB

MaxMetaspaceSize: 17179869184.00 GB
CompressedClassSpaceSize: 1.00 GB

CodeHeap 'non-profiled nmethods': size=120000Kb used=84Kb max_used=84Kb free=119915Kb
 bounds [0x000001b7d3610000, 0x000001b7d3880000, 0x000001b7dab40000]
CodeHeap 'profiled nmethods': size=120000Kb used=324Kb max_used=324Kb free=119675Kb
 bounds [0x000001b7cc0e0000, 0x000001b7cc350000, 0x000001b7d3610000]
CodeHeap 'non-nmethods': size=5760Kb used=1118Kb max_used=1130Kb free=4641Kb
 bounds [0x000001b7cbb40000, 0x000001b7cbdb0000, 0x000001b7cc0e0000]
 total_blobs=629 nmethods=269 adapters=273
 compilation: enabled
              stopped_count=0, restarted_count=0
 full_count=0

Compilation events (20 events):
Event: 0.274 Thread 0x000001b7e1999ec0 nmethod 262 0x000001b7cc12c790 code [0x000001b7cc12c940, 0x000001b7cc12cbd8]
Event: 0.274 Thread 0x000001b7e1999ec0  259       3       java.util.ImmutableCollections$ListN::size (6 bytes)
Event: 0.275 Thread 0x000001b7e1999ec0 nmethod 259 0x000001b7cc12cd10 code [0x000001b7cc12cea0, 0x000001b7cc12cfb8]
Event: 0.275 Thread 0x000001b7e1999ec0  260       3       java.lang.invoke.LambdaForm$Name::isParam (13 bytes)
Event: 0.275 Thread 0x000001b7e1999ec0 nmethod 260 0x000001b7cc12d090 code [0x000001b7cc12d220, 0x000001b7cc12d378]
Event: 0.275 Thread 0x000001b7e1999ec0  257       3       jdk.internal.org.objectweb.asm.ByteVector::put12 (64 bytes)
Event: 0.275 Thread 0x000001b7e1999ec0 nmethod 257 0x000001b7cc12d410 code [0x000001b7cc12d5c0, 0x000001b7cc12d7e8]
Event: 0.275 Thread 0x000001b7e1999ec0  263       3       jdk.internal.org.objectweb.asm.MethodWriter::visitVarInsn (302 bytes)
Event: 0.275 Thread 0x000001b7e1999ec0 nmethod 263 0x000001b7cc12d990 code [0x000001b7cc12dbe0, 0x000001b7cc12e548]
Event: 0.276 Thread 0x000001b7e1999ec0  264       3       java.lang.invoke.MethodType::equals (56 bytes)
Event: 0.276 Thread 0x000001b7e1999ec0 nmethod 264 0x000001b7cc12e810 code [0x000001b7cc12ea20, 0x000001b7cc12f4d8]
Event: 0.276 Thread 0x000001b7e1999ec0  265       3       java.lang.invoke.MethodType::equals (31 bytes)
Event: 0.276 Thread 0x000001b7e1999ec0 nmethod 265 0x000001b7cc12f690 code [0x000001b7cc12f840, 0x000001b7cc12fa08]
Event: 0.276 Thread 0x000001b7e1999ec0  255       1       java.lang.invoke.LambdaForm$NamedFunction::intrinsicName (5 bytes)
Event: 0.276 Thread 0x000001b7e1999ec0 nmethod 255 0x000001b7d3624710 code [0x000001b7d36248a0, 0x000001b7d3624958]
Event: 0.276 Thread 0x000001b7e1999ec0  267       3       jdk.internal.org.objectweb.asm.SymbolTable::addConstantMemberReference (147 bytes)
Event: 0.276 Thread 0x000001b7e1991410 nmethod 256 0x000001b7d3624a10 code [0x000001b7d3624ba0, 0x000001b7d3624d58]
Event: 0.277 Thread 0x000001b7e1999ec0 nmethod 267 0x000001b7cc12fb10 code [0x000001b7cc12fd80, 0x000001b7cc130628]
Event: 0.277 Thread 0x000001b7e1999ec0  268       3       jdk.internal.org.objectweb.asm.SymbolTable::hash (20 bytes)
Event: 0.278 Thread 0x000001b7e1999ec0 nmethod 268 0x000001b7cc130b90 code [0x000001b7cc130d60, 0x000001b7cc130f28]

GC Heap History (0 events):
No events

Deoptimization events (4 events):
Event: 0.118 Thread 0x000001b7c8139ab0 Uncommon trap: trap_request=0xffffff45 fr.pc=0x000001b7d3613f2c relative=0x000000000000020c
Event: 0.118 Thread 0x000001b7c8139ab0 Uncommon trap: reason=unstable_if action=reinterpret pc=0x000001b7d3613f2c method=java.lang.String.hashCode()I @ 42 c2
Event: 0.118 Thread 0x000001b7c8139ab0 DEOPT PACKING pc=0x000001b7d3613f2c sp=0x0000009dae0fda80
Event: 0.118 Thread 0x000001b7c8139ab0 DEOPT UNPACKING pc=0x000001b7cbb8e42f sp=0x0000009dae0fda18 mode 2

Classes unloaded (0 events):
No events

Classes redefined (0 events):
No events

Internal exceptions (5 events):
Event: 0.192 Thread 0x000001b7c8139ab0 Exception <a 'java/lang/NoSuchMethodError'{0x00000000a723d280}: 'void java.lang.invoke.DirectMethodHandle$Holder.invokeSpecial(java.lang.Object, java.lang.Object, java.lang.Object)'> (0x00000000a723d280) 
thrown [./open/src/hotspot/share/interpreter/linkResolver.cpp, line 782]
Event: 0.227 Thread 0x000001b7c8139ab0 Exception <a 'java/lang/ClassNotFoundException'{0x00000000a7284f80}: sun/awt/resources/spi/awtProvider> (0x00000000a7284f80) 
thrown [./open/src/hotspot/share/classfile/systemDictionary.cpp, line 295]
Event: 0.267 Thread 0x000001b7c8139ab0 Exception <a 'java/io/FileNotFoundException'{0x00000000a72e10e8}> (0x00000000a72e10e8) 
thrown [./open/src/hotspot/share/prims/jni.cpp, line 578]
Event: 0.275 Thread 0x000001b7c8139ab0 Exception <a 'java/io/FileNotFoundException'{0x00000000a71100b0}> (0x00000000a71100b0) 
thrown [./open/src/hotspot/share/prims/jni.cpp, line 578]
Event: 0.276 Thread 0x000001b7c8139ab0 Exception <a 'java/lang/NoSuchMethodError'{0x00000000a71113e0}: 'java.lang.Object java.lang.invoke.DirectMethodHandle$Holder.invokeStatic(java.lang.Object)'> (0x00000000a71113e0) 
thrown [./open/src/hotspot/share/interpreter/linkResolver.cpp, line 782]

Events (20 events):
Event: 0.280 loading class sun/awt/AWTAccessor$AWTEventAccessor
Event: 0.280 loading class sun/awt/AWTAccessor$AWTEventAccessor done
Event: 0.280 loading class java/awt/AWTEvent$1 done
Event: 0.280 loading class java/awt/event/NativeLibLoader
Event: 0.280 loading class java/awt/event/NativeLibLoader done
Event: 0.280 loading class java/awt/event/NativeLibLoader$1
Event: 0.280 loading class java/awt/event/NativeLibLoader$1 done
Event: 0.281 loading class java/awt/event/InputEvent$1
Event: 0.281 loading class sun/awt/AWTAccessor$InputEventAccessor
Event: 0.281 loading class sun/awt/AWTAccessor$InputEventAccessor done
Event: 0.281 loading class java/awt/event/InputEvent$1 done
Event: 0.281 loading class sun/awt/windows/WComponentPeer
Event: 0.282 loading class java/awt/peer/ComponentPeer
Event: 0.282 loading class java/awt/peer/ComponentPeer done
Event: 0.282 loading class java/awt/dnd/peer/DropTargetPeer
Event: 0.282 loading class java/awt/dnd/peer/DropTargetPeer done
Event: 0.282 loading class sun/awt/windows/WObjectPeer
Event: 0.282 loading class sun/awt/windows/WObjectPeer done
Event: 0.282 loading class sun/awt/windows/WComponentPeer done
Event: 0.283 loading class java/awt/Font


Dynamic libraries:
0x00007ff7a6dc0000 - 0x00007ff7a6dcd000 	C:\Users\hp\.p2\pool\plugins\org.eclipse.justj.openjdk.hotspot.jre.full.win32.x86_64_15.0.2.v20210201-0955\jre\bin\javaw.exe
0x00007ffc94030000 - 0x00007ffc94247000 	C:\WINDOWS\SYSTEM32\ntdll.dll
0x00007ffc92a60000 - 0x00007ffc92b24000 	C:\WINDOWS\System32\KERNEL32.DLL
0x00007ffc91720000 - 0x00007ffc91acd000 	C:\WINDOWS\System32\KERNELBASE.dll
0x00007ffc91600000 - 0x00007ffc91711000 	C:\WINDOWS\System32\ucrtbase.dll
0x00007ffc67f20000 - 0x00007ffc67f38000 	C:\Users\hp\.p2\pool\plugins\org.eclipse.justj.openjdk.hotspot.jre.full.win32.x86_64_15.0.2.v20210201-0955\jre\bin\jli.dll
0x00007ffc8b7f0000 - 0x00007ffc8b809000 	C:\Users\hp\.p2\pool\plugins\org.eclipse.justj.openjdk.hotspot.jre.full.win32.x86_64_15.0.2.v20210201-0955\jre\bin\VCRUNTIME140.dll
0x00007ffc93d40000 - 0x00007ffc93eee000 	C:\WINDOWS\System32\USER32.dll
0x00007ffc91350000 - 0x00007ffc91376000 	C:\WINDOWS\System32\win32u.dll
0x00007ffc74ba0000 - 0x00007ffc74e33000 	C:\WINDOWS\WinSxS\amd64_microsoft.windows.common-controls_6595b64144ccf1df_6.0.22621.3672_none_2713b9d173822955\COMCTL32.dll
0x00007ffc93c10000 - 0x00007ffc93c39000 	C:\WINDOWS\System32\GDI32.dll
0x00007ffc92960000 - 0x00007ffc92a07000 	C:\WINDOWS\System32\msvcrt.dll
0x00007ffc91ad0000 - 0x00007ffc91be9000 	C:\WINDOWS\System32\gdi32full.dll
0x00007ffc91560000 - 0x00007ffc915fa000 	C:\WINDOWS\System32\msvcp_win.dll
0x00007ffc92920000 - 0x00007ffc92951000 	C:\WINDOWS\System32\IMM32.DLL
0x00007ffc8de40000 - 0x00007ffc8de4c000 	C:\Users\hp\.p2\pool\plugins\org.eclipse.justj.openjdk.hotspot.jre.full.win32.x86_64_15.0.2.v20210201-0955\jre\bin\vcruntime140_1.dll
0x00007ffc5af40000 - 0x00007ffc5afd1000 	C:\Users\hp\.p2\pool\plugins\org.eclipse.justj.openjdk.hotspot.jre.full.win32.x86_64_15.0.2.v20210201-0955\jre\bin\msvcp140.dll
0x00007ffc4dfa0000 - 0x00007ffc4eafe000 	C:\Users\hp\.p2\pool\plugins\org.eclipse.justj.openjdk.hotspot.jre.full.win32.x86_64_15.0.2.v20210201-0955\jre\bin\server\jvm.dll
0x00007ffc91d60000 - 0x00007ffc91e12000 	C:\WINDOWS\System32\ADVAPI32.dll
0x00007ffc932f0000 - 0x00007ffc93399000 	C:\WINDOWS\System32\sechost.dll
0x00007ffc91380000 - 0x00007ffc913a8000 	C:\WINDOWS\System32\bcrypt.dll
0x00007ffc92c80000 - 0x00007ffc92d94000 	C:\WINDOWS\System32\RPCRT4.dll
0x00007ffc67d90000 - 0x00007ffc67d99000 	C:\WINDOWS\SYSTEM32\WSOCK32.dll
0x00007ffc89780000 - 0x00007ffc897b4000 	C:\WINDOWS\SYSTEM32\WINMM.dll
0x00007ffc92910000 - 0x00007ffc92918000 	C:\WINDOWS\System32\PSAPI.DLL
0x00007ffc92f00000 - 0x00007ffc92f71000 	C:\WINDOWS\System32\WS2_32.dll
0x00007ffc8dbc0000 - 0x00007ffc8dbca000 	C:\WINDOWS\SYSTEM32\VERSION.dll
0x00007ffc903a0000 - 0x00007ffc903b8000 	C:\WINDOWS\SYSTEM32\kernel.appcore.dll
0x00007ffc67c90000 - 0x00007ffc67c9a000 	C:\Users\hp\.p2\pool\plugins\org.eclipse.justj.openjdk.hotspot.jre.full.win32.x86_64_15.0.2.v20210201-0955\jre\bin\jimage.dll
0x00007ffc8ed90000 - 0x00007ffc8efc2000 	C:\WINDOWS\SYSTEM32\DBGHELP.DLL
0x00007ffc91f30000 - 0x00007ffc922be000 	C:\WINDOWS\System32\combase.dll
0x00007ffc92820000 - 0x00007ffc928f7000 	C:\WINDOWS\System32\OLEAUT32.dll
0x00007ffc8ddc0000 - 0x00007ffc8ddf2000 	C:\WINDOWS\SYSTEM32\dbgcore.DLL
0x00007ffc913b0000 - 0x00007ffc9142b000 	C:\WINDOWS\System32\bcryptPrimitives.dll
0x00007ffc64300000 - 0x00007ffc64325000 	C:\Users\hp\.p2\pool\plugins\org.eclipse.justj.openjdk.hotspot.jre.full.win32.x86_64_15.0.2.v20210201-0955\jre\bin\java.dll
0x00007ffc66d40000 - 0x00007ffc66d58000 	C:\Users\hp\.p2\pool\plugins\org.eclipse.justj.openjdk.hotspot.jre.full.win32.x86_64_15.0.2.v20210201-0955\jre\bin\zip.dll
0x00007ffc933a0000 - 0x00007ffc93c07000 	C:\WINDOWS\System32\SHELL32.dll
0x00007ffc8f2d0000 - 0x00007ffc8fbcf000 	C:\WINDOWS\SYSTEM32\windows.storage.dll
0x00007ffc8f190000 - 0x00007ffc8f2cf000 	C:\WINDOWS\SYSTEM32\wintypes.dll
0x00007ffc93c40000 - 0x00007ffc93d39000 	C:\WINDOWS\System32\SHCORE.dll
0x00007ffc91e20000 - 0x00007ffc91e7e000 	C:\WINDOWS\System32\shlwapi.dll
0x00007ffc91280000 - 0x00007ffc912a7000 	C:\WINDOWS\SYSTEM32\profapi.dll
0x00007ffc70fd0000 - 0x00007ffc70fe0000 	C:\Users\hp\.p2\pool\plugins\org.eclipse.justj.openjdk.hotspot.jre.full.win32.x86_64_15.0.2.v20210201-0955\jre\bin\verify.dll
0x00007ffc642e0000 - 0x00007ffc642f9000 	C:\Users\hp\.p2\pool\plugins\org.eclipse.justj.openjdk.hotspot.jre.full.win32.x86_64_15.0.2.v20210201-0955\jre\bin\net.dll
0x00007ffc89250000 - 0x00007ffc89386000 	C:\WINDOWS\SYSTEM32\WINHTTP.dll
0x00007ffc90810000 - 0x00007ffc90879000 	C:\WINDOWS\system32\mswsock.dll
0x00007ffc622b0000 - 0x00007ffc622c2000 	C:\Users\hp\.p2\pool\plugins\org.eclipse.justj.openjdk.hotspot.jre.full.win32.x86_64_15.0.2.v20210201-0955\jre\bin\nio.dll
0x00007ffc4c760000 - 0x00007ffc4c8df000 	C:\Users\hp\.p2\pool\plugins\org.eclipse.justj.openjdk.hotspot.jre.full.win32.x86_64_15.0.2.v20210201-0955\jre\bin\awt.dll
0x00007ffc8d4f0000 - 0x00007ffc8d587000 	C:\WINDOWS\SYSTEM32\apphelp.dll

dbghelp: loaded successfully - version: 4.0.5 - missing functions: none
symbol engine: initialized successfully - sym options: 0x614 - pdb path: .;C:\Users\hp\.p2\pool\plugins\org.eclipse.justj.openjdk.hotspot.jre.full.win32.x86_64_15.0.2.v20210201-0955\jre\bin;C:\WINDOWS\SYSTEM32;C:\WINDOWS\WinSxS\amd64_microsoft.windows.common-controls_6595b64144ccf1df_6.0.22621.3672_none_2713b9d173822955;C:\Users\hp\.p2\pool\plugins\org.eclipse.justj.openjdk.hotspot.jre.full.win32.x86_64_15.0.2.v20210201-0955\jre\bin\server

VM Arguments:
jvm_args: -Dfile.encoding=Cp1252 -XX:+ShowCodeDetailsInExceptionMessages 
java_command: Bank.Signup
java_class_path (initial): J:\JAVA PROJECT\bin;J:\Jcalender class 3rd party\lib\jcalendar-1.4.jar;J:\MySql connector jar class\mysql-connector-j-9.0.0\mysql-connector-j-9.0.0.jar
Launcher Type: SUN_STANDARD

[Global flags]
     intx CICompilerCount                          = 4                                         {product} {ergonomic}
     uint ConcGCThreads                            = 2                                         {product} {ergonomic}
     uint G1ConcRefinementThreads                  = 8                                         {product} {ergonomic}
   size_t G1HeapRegionSize                         = 1048576                                   {product} {ergonomic}
    uintx GCDrainStackTargetSize                   = 64                                        {product} {ergonomic}
   size_t InitialHeapSize                          = 100663296                                 {product} {ergonomic}
   size_t MarkStackSize                            = 4194304                                   {product} {ergonomic}
   size_t MaxHeapSize                              = 1589641216                                {product} {ergonomic}
   size_t MaxNewSize                               = 953155584                                 {product} {ergonomic}
   size_t MinHeapDeltaBytes                        = 1048576                                   {product} {ergonomic}
   size_t MinHeapSize                              = 8388608                                   {product} {ergonomic}
    uintx NonNMethodCodeHeapSize                   = 5839372                                {pd product} {ergonomic}
    uintx NonProfiledCodeHeapSize                  = 122909434                              {pd product} {ergonomic}
    uintx ProfiledCodeHeapSize                     = 122909434                              {pd product} {ergonomic}
    uintx ReservedCodeCacheSize                    = 251658240                              {pd product} {ergonomic}
     bool SegmentedCodeCache                       = true                                      {product} {ergonomic}
     bool ShowCodeDetailsInExceptionMessages       = true                                   {manageable} {command line}
   size_t SoftMaxHeapSize                          = 1589641216                             {manageable} {ergonomic}
     bool UseCompressedClassPointers               = true                                 {lp64_product} {ergonomic}
     bool UseCompressedOops                        = true                                 {lp64_product} {ergonomic}
     bool UseG1GC                                  = true                                      {product} {ergonomic}
     bool UseLargePagesIndividualAllocation        = false                                  {pd product} {ergonomic}

Logging:
Log output configuration:
 #0: stdout all=warning uptime,level,tags
 #1: stderr all=off uptime,level,tags

Environment Variables:
JAVA_HOME=C:\Program Files (x86)\Java\jdk1.8.0_111
PATH=C:/Users/hp/.p2/pool/plugins/org.eclipse.justj.openjdk.hotspot.jre.full.win32.x86_64_15.0.2.v20210201-0955/jre/bin/server;C:/Users/hp/.p2/pool/plugins/org.eclipse.justj.openjdk.hotspot.jre.full.win32.x86_64_15.0.2.v20210201-0955/jre/bin;C:\Program Files\Java\jdk-22\bin;C:\Program Files\Common Files\Oracle\Java\javapath;C:\Python311\Scripts\;C:\Python311\;C:\WINDOWS\system32;C:\WINDOWS;C:\WINDOWS\System32\Wbem;C:\WINDOWS\System32\WindowsPowerShell\v1.0\;C:\WINDOWS\System32\OpenSSH\;C:\Program Files (x86)\Java\jdk1.8.0_111\bin;C:\MinGW\bin;C:\MinGW;C:\Program Files\nodejs\;C:\ProgramData\chocolatey\bin;C:\Program Files\HP\HP One Agent;C:\WINDOWS\system32;C:\WINDOWS;C:\WINDOWS\System32\Wbem;C:\WINDOWS\System32\WindowsPowerShell\v1.0\;C:\WINDOWS\System32\OpenSSH\;C:\Program Files\MySQL\MySQL Shell 8.0\bin\;C:\Users\hp\AppData\Local\Programs\Python\Python310\Scripts\;C:\Users\hp\AppData\Local\Programs\Python\Python310\;C:\Users\hp\AppData\Local\Microsoft\WindowsApps;C:\Program Files (x86)\mingw-w64\i686-8.1.0-posix-dwarf-rt_v6-rev0\mingw32\bin;C:\Users\hp\AppData\Local\Programs\Microsoft VS Code\bin;C:\Program Files\JetBrains\PyCharm 2023.1.1\bin;;C:\Users\hp\AppData\Roaming\npm;C:\Users\hp\AppData\Local\Programs\mongosh\;C:\Program Files\MongoDB\Server\7.0\bin;;C:\WINDOWS\system32;
USERNAME=hp
OS=Windows_NT
PROCESSOR_IDENTIFIER=AMD64 Family 23 Model 24 Stepping 1, AuthenticAMD



---------------  S Y S T E M  ---------------

OS:
 Windows 10 , 64 bit Build 22621 (10.0.22621.3958)
OS uptime: 1 days 5:38 hours

CPU: total 8 (initial active 8) (8 cores per cpu, 2 threads per core) family 23 model 24 stepping 1 microcode 0x0, cmov, cx8, fxsr, mmx, sse, sse2, sse3, ssse3, sse4.1, sse4.2, popcnt, vzeroupper, avx, avx2, aes, clmul, 3dnowpref, lzcnt, sse4a, ht, tsc, tscinvbit, tscinv, bmi1, bmi2, adx, sha, fma, clflush, clflushopt

Memory: 4k page, system-wide physical 6060M (472M free)
TotalPageFile size 24492M (AvailPageFile size 2M)
current process WorkingSet (physical memory assigned to process): 39M, peak: 39M
current process commit charge ("private bytes"): 176M, peak: 176M

vm_info: OpenJDK 64-Bit Server VM (15.0.2+7-27) for windows-amd64 JRE (15.0.2+7-27), built on Dec  7 2020 20:02:38 by "mach5one" with unknown MS VC++:1925

END.
