#
# There is insufficient memory for the Java Runtime Environment to continue.
# Native memory allocation (malloc) failed to allocate 32744 bytes for ChunkPool::allocate
# Possible reasons:
#   The system is out of physical RAM or swap space
#   The process is running with CompressedOops enabled, and the Java Heap may be blocking the growth of the native heap
# Possible solutions:
#   Reduce memory load on the system
#   Increase physical memory or swap space
#   Check if swap backing store is full
#   Decrease Java heap size (-Xmx/-Xms)
#   Decrease number of Java threads
#   Decrease Java thread stack sizes (-Xss)
#   Set larger code cache with -XX:ReservedCodeCacheSize=
#   JVM is running with Unscaled Compressed Oops mode in which the Java heap is
#     placed in the first 4GB address space. The Java Heap base address is the
#     maximum limit for the native heap growth. Please use -XX:HeapBaseMinAddress
#     to set the Java Heap base and to place the Java Heap above 4GB virtual address.
# This output file may be truncated or incomplete.
#
#  Out of Memory Error (./open/src/hotspot/share/memory/arena.cpp:79), pid=24796, tid=19572
#
# JRE version: OpenJDK Runtime Environment (15.0.2+7) (build 15.0.2+7-27)
# Java VM: OpenJDK 64-Bit Server VM (15.0.2+7-27, mixed mode, tiered, compressed oops, g1 gc, windows-amd64)
# No core dump will be written. Minidumps are not enabled by default on client versions of Windows
#

---------------  S U M M A R Y ------------

Command Line: -Dfile.encoding=Cp1252 -XX:+ShowCodeDetailsInExceptionMessages Bank.Signup

Host: AMD Ryzen 5 3500U with Radeon Vega Mobile Gfx  , 8 cores, 5G,  Windows 10 , 64 bit Build 22621 (10.0.22621.3958)
Time: Mon Sep 16 01:06:26 2024 India Standard Time elapsed time: 1.089415 seconds (0d 0h 0m 1s)

---------------  T H R E A D  ---------------

Current thread (0x000001dccfdde440):  JavaThread "C2 CompilerThread0" daemon [_thread_in_native, id=19572, stack(0x00000047ef800000,0x00000047ef900000)]


Current CompileTask:
C2:   1089  889   !   4       sun.font.TrueTypeFont::getTableBuffer (199 bytes)

Stack: [0x00000047ef800000,0x00000047ef900000]
Native frames: (J=compiled Java code, j=interpreted, Vv=VM code, C=native code)
V  [jvm.dll+0x62ae9a]
V  [jvm.dll+0x7817a9]
V  [jvm.dll+0x782f03]
V  [jvm.dll+0x783563]
V  [jvm.dll+0x216325]
V  [jvm.dll+0x982cf]
V  [jvm.dll+0x980ad]
V  [jvm.dll+0x609d14]
V  [jvm.dll+0x6552ea]
V  [jvm.dll+0x18e47d]
V  [jvm.dll+0x1ea822]
V  [jvm.dll+0x1e996e]
V  [jvm.dll+0x178567]
V  [jvm.dll+0x1f9225]
V  [jvm.dll+0x1f72cc]
V  [jvm.dll+0x74495d]
V  [jvm.dll+0x73d75a]
V  [jvm.dll+0x629c56]
C  [ucrtbase.dll+0x29333]
C  [KERNEL32.DLL+0x1257d]
C  [ntdll.dll+0x5af28]


---------------  P R O C E S S  ---------------

Threads class SMR info:
_java_thread_list=0x000001dcd0ff39f0, length=16, elements={
0x000001dcb6da63b0, 0x000001dccfdd4090, 0x000001dccfdd5150, 0x000001dccfdcc0f0,
0x000001dccfdd0dd0, 0x000001dccfdd1780, 0x000001dccfdde440, 0x000001dcd061ca60,
0x000001dcd06280a0, 0x000001dcd07aae80, 0x000001dcd07c7530, 0x000001dcd09116b0,
0x000001dcd0d2d5c0, 0x000001dcd0d2dcd0, 0x000001dcd0fe1e30, 0x000001dcd104b8e0
}

Java Threads: ( => current thread )
  0x000001dcb6da63b0 JavaThread "main" [_thread_in_vm, id=23288, stack(0x00000047eec00000,0x00000047eed00000)]
  0x000001dccfdd4090 JavaThread "Reference Handler" daemon [_thread_blocked, id=16524, stack(0x00000047ef300000,0x00000047ef400000)]
  0x000001dccfdd5150 JavaThread "Finalizer" daemon [_thread_blocked, id=24564, stack(0x00000047ef400000,0x00000047ef500000)]
  0x000001dccfdcc0f0 JavaThread "Signal Dispatcher" daemon [_thread_blocked, id=22200, stack(0x00000047ef500000,0x00000047ef600000)]
  0x000001dccfdd0dd0 JavaThread "Attach Listener" daemon [_thread_blocked, id=22340, stack(0x00000047ef600000,0x00000047ef700000)]
  0x000001dccfdd1780 JavaThread "Service Thread" daemon [_thread_blocked, id=18428, stack(0x00000047ef700000,0x00000047ef800000)]
=>0x000001dccfdde440 JavaThread "C2 CompilerThread0" daemon [_thread_in_native, id=19572, stack(0x00000047ef800000,0x00000047ef900000)]
  0x000001dcd061ca60 JavaThread "C1 CompilerThread0" daemon [_thread_blocked, id=15992, stack(0x00000047ef900000,0x00000047efa00000)]
  0x000001dcd06280a0 JavaThread "Sweeper thread" daemon [_thread_blocked, id=21332, stack(0x00000047efa00000,0x00000047efb00000)]
  0x000001dcd07aae80 JavaThread "Notification Thread" daemon [_thread_blocked, id=6192, stack(0x00000047efb00000,0x00000047efc00000)]
  0x000001dcd07c7530 JavaThread "Common-Cleaner" daemon [_thread_blocked, id=20996, stack(0x00000047efd00000,0x00000047efe00000)]
  0x000001dcd09116b0 JavaThread "Java2D Disposer" daemon [_thread_blocked, id=22260, stack(0x00000047efe00000,0x00000047eff00000)]
  0x000001dcd0d2d5c0 JavaThread "AWT-Shutdown" [_thread_blocked, id=18792, stack(0x00000047eff00000,0x00000047f0000000)]
  0x000001dcd0d2dcd0 JavaThread "AWT-Windows" daemon [_thread_in_native, id=23868, stack(0x00000047f0000000,0x00000047f0100000)]
  0x000001dcd0fe1e30 JavaThread "AWT-EventQueue-0" [_thread_in_Java, id=21724, stack(0x00000047f0900000,0x00000047f0a00000)]
  0x000001dcd104b8e0 JavaThread "D3D Screen Updater" daemon [_thread_blocked, id=15828, stack(0x00000047f0a00000,0x00000047f0b00000)]

Other Threads:
  0x000001dccfdabdb0 VMThread "VM Thread" [stack: 0x00000047ef200000,0x00000047ef300000] [id=20180]
  0x000001dcd07ab350 WatcherThread [stack: 0x00000047efc00000,0x00000047efd00000] [id=21512]
  0x000001dcb6ddf450 GCTaskThread "GC Thread#0" [stack: 0x00000047eed00000,0x00000047eee00000] [id=22812]
  0x000001dcb6decc40 ConcurrentGCThread "G1 Main Marker" [stack: 0x00000047eee00000,0x00000047eef00000] [id=24732]
  0x000001dcb6ded8b0 ConcurrentGCThread "G1 Conc#0" [stack: 0x00000047eef00000,0x00000047ef000000] [id=18120]
  0x000001dcb6e63c50 ConcurrentGCThread "G1 Refine#0" [stack: 0x00000047ef000000,0x00000047ef100000] [id=19296]
  0x000001dcb6e648d0 ConcurrentGCThread "G1 Young RemSet Sampling" [stack: 0x00000047ef100000,0x00000047ef200000] [id=24128]

Threads with active compile tasks:
C2 CompilerThread0     1116  889   !   4       sun.font.TrueTypeFont::getTableBuffer (199 bytes)
C1 CompilerThread0     1116  946       3       sun.java2d.pipe.RenderBuffer::putInt (26 bytes)

VM state: not at safepoint (normal execution)

VM Mutex/Monitor currently owned by a thread: None

Heap address: 0x00000000a1400000, size: 1516 MB, Compressed Oops mode: 32-bit
CDS disabled.
Compressed class space mapped at: 0x0000000100000000-0x0000000140000000, size: 1073741824
Narrow klass base: 0x0000000000000000, Narrow klass shift: 3, Narrow klass range: 0x140000000

GC Precious Log:
 CPUs: 8 total, 8 available
 Memory: 6060M
 Large Page Support: Disabled
 NUMA Support: Disabled
 Compressed Oops: Enabled (32-bit)
 Heap Region Size: 1M
 Heap Min Capacity: 8M
 Heap Initial Capacity: 96M
 Heap Max Capacity: 1516M
 Pre-touch: Disabled
 Parallel Workers: 8
 Concurrent Workers: 2
 Concurrent Refinement Workers: 8
 Periodic GC: Disabled

Heap:
 garbage-first heap   total 98304K, used 14336K [0x00000000a1400000, 0x0000000100000000)
  region size 1024K, 15 young (15360K), 0 survivors (0K)
 Metaspace       used 14691K, capacity 14878K, committed 15232K, reserved 1062912K
  class space    used 1504K, capacity 1565K, committed 1664K, reserved 1048576K

Heap Regions: E=young(eden), S=young(survivor), O=old, HS=humongous(starts), HC=humongous(continues), CS=collection set, F=free, OA=open archive, CA=closed archive, TAMS=top-at-mark-start (previous, next)
|   0|0x00000000a1400000, 0x00000000a1400000, 0x00000000a1500000|  0%| F|  |TAMS 0x00000000a1400000, 0x00000000a1400000| Untracked 
|   1|0x00000000a1500000, 0x00000000a1500000, 0x00000000a1600000|  0%| F|  |TAMS 0x00000000a1500000, 0x00000000a1500000| Untracked 
|   2|0x00000000a1600000, 0x00000000a1600000, 0x00000000a1700000|  0%| F|  |TAMS 0x00000000a1600000, 0x00000000a1600000| Untracked 
|   3|0x00000000a1700000, 0x00000000a1700000, 0x00000000a1800000|  0%| F|  |TAMS 0x00000000a1700000, 0x00000000a1700000| Untracked 
|   4|0x00000000a1800000, 0x00000000a1800000, 0x00000000a1900000|  0%| F|  |TAMS 0x00000000a1800000, 0x00000000a1800000| Untracked 
|   5|0x00000000a1900000, 0x00000000a1900000, 0x00000000a1a00000|  0%| F|  |TAMS 0x00000000a1900000, 0x00000000a1900000| Untracked 
|   6|0x00000000a1a00000, 0x00000000a1a00000, 0x00000000a1b00000|  0%| F|  |TAMS 0x00000000a1a00000, 0x00000000a1a00000| Untracked 
|   7|0x00000000a1b00000, 0x00000000a1b00000, 0x00000000a1c00000|  0%| F|  |TAMS 0x00000000a1b00000, 0x00000000a1b00000| Untracked 
|   8|0x00000000a1c00000, 0x00000000a1c00000, 0x00000000a1d00000|  0%| F|  |TAMS 0x00000000a1c00000, 0x00000000a1c00000| Untracked 
|   9|0x00000000a1d00000, 0x00000000a1d00000, 0x00000000a1e00000|  0%| F|  |TAMS 0x00000000a1d00000, 0x00000000a1d00000| Untracked 
|  10|0x00000000a1e00000, 0x00000000a1e00000, 0x00000000a1f00000|  0%| F|  |TAMS 0x00000000a1e00000, 0x00000000a1e00000| Untracked 
|  11|0x00000000a1f00000, 0x00000000a1f00000, 0x00000000a2000000|  0%| F|  |TAMS 0x00000000a1f00000, 0x00000000a1f00000| Untracked 
|  12|0x00000000a2000000, 0x00000000a2000000, 0x00000000a2100000|  0%| F|  |TAMS 0x00000000a2000000, 0x00000000a2000000| Untracked 
|  13|0x00000000a2100000, 0x00000000a2100000, 0x00000000a2200000|  0%| F|  |TAMS 0x00000000a2100000, 0x00000000a2100000| Untracked 
|  14|0x00000000a2200000, 0x00000000a2200000, 0x00000000a2300000|  0%| F|  |TAMS 0x00000000a2200000, 0x00000000a2200000| Untracked 
|  15|0x00000000a2300000, 0x00000000a2300000, 0x00000000a2400000|  0%| F|  |TAMS 0x00000000a2300000, 0x00000000a2300000| Untracked 
|  16|0x00000000a2400000, 0x00000000a2400000, 0x00000000a2500000|  0%| F|  |TAMS 0x00000000a2400000, 0x00000000a2400000| Untracked 
|  17|0x00000000a2500000, 0x00000000a2500000, 0x00000000a2600000|  0%| F|  |TAMS 0x00000000a2500000, 0x00000000a2500000| Untracked 
|  18|0x00000000a2600000, 0x00000000a2600000, 0x00000000a2700000|  0%| F|  |TAMS 0x00000000a2600000, 0x00000000a2600000| Untracked 
|  19|0x00000000a2700000, 0x00000000a2700000, 0x00000000a2800000|  0%| F|  |TAMS 0x00000000a2700000, 0x00000000a2700000| Untracked 
|  20|0x00000000a2800000, 0x00000000a2800000, 0x00000000a2900000|  0%| F|  |TAMS 0x00000000a2800000, 0x00000000a2800000| Untracked 
|  21|0x00000000a2900000, 0x00000000a2900000, 0x00000000a2a00000|  0%| F|  |TAMS 0x00000000a2900000, 0x00000000a2900000| Untracked 
|  22|0x00000000a2a00000, 0x00000000a2a00000, 0x00000000a2b00000|  0%| F|  |TAMS 0x00000000a2a00000, 0x00000000a2a00000| Untracked 
|  23|0x00000000a2b00000, 0x00000000a2b00000, 0x00000000a2c00000|  0%| F|  |TAMS 0x00000000a2b00000, 0x00000000a2b00000| Untracked 
|  24|0x00000000a2c00000, 0x00000000a2c00000, 0x00000000a2d00000|  0%| F|  |TAMS 0x00000000a2c00000, 0x00000000a2c00000| Untracked 
|  25|0x00000000a2d00000, 0x00000000a2d00000, 0x00000000a2e00000|  0%| F|  |TAMS 0x00000000a2d00000, 0x00000000a2d00000| Untracked 
|  26|0x00000000a2e00000, 0x00000000a2e00000, 0x00000000a2f00000|  0%| F|  |TAMS 0x00000000a2e00000, 0x00000000a2e00000| Untracked 
|  27|0x00000000a2f00000, 0x00000000a2f00000, 0x00000000a3000000|  0%| F|  |TAMS 0x00000000a2f00000, 0x00000000a2f00000| Untracked 
|  28|0x00000000a3000000, 0x00000000a3000000, 0x00000000a3100000|  0%| F|  |TAMS 0x00000000a3000000, 0x00000000a3000000| Untracked 
|  29|0x00000000a3100000, 0x00000000a3100000, 0x00000000a3200000|  0%| F|  |TAMS 0x00000000a3100000, 0x00000000a3100000| Untracked 
|  30|0x00000000a3200000, 0x00000000a3200000, 0x00000000a3300000|  0%| F|  |TAMS 0x00000000a3200000, 0x00000000a3200000| Untracked 
|  31|0x00000000a3300000, 0x00000000a3300000, 0x00000000a3400000|  0%| F|  |TAMS 0x00000000a3300000, 0x00000000a3300000| Untracked 
|  32|0x00000000a3400000, 0x00000000a3400000, 0x00000000a3500000|  0%| F|  |TAMS 0x00000000a3400000, 0x00000000a3400000| Untracked 
|  33|0x00000000a3500000, 0x00000000a3500000, 0x00000000a3600000|  0%| F|  |TAMS 0x00000000a3500000, 0x00000000a3500000| Untracked 
|  34|0x00000000a3600000, 0x00000000a3600000, 0x00000000a3700000|  0%| F|  |TAMS 0x00000000a3600000, 0x00000000a3600000| Untracked 
|  35|0x00000000a3700000, 0x00000000a3700000, 0x00000000a3800000|  0%| F|  |TAMS 0x00000000a3700000, 0x00000000a3700000| Untracked 
|  36|0x00000000a3800000, 0x00000000a3800000, 0x00000000a3900000|  0%| F|  |TAMS 0x00000000a3800000, 0x00000000a3800000| Untracked 
|  37|0x00000000a3900000, 0x00000000a3900000, 0x00000000a3a00000|  0%| F|  |TAMS 0x00000000a3900000, 0x00000000a3900000| Untracked 
|  38|0x00000000a3a00000, 0x00000000a3a00000, 0x00000000a3b00000|  0%| F|  |TAMS 0x00000000a3a00000, 0x00000000a3a00000| Untracked 
|  39|0x00000000a3b00000, 0x00000000a3b00000, 0x00000000a3c00000|  0%| F|  |TAMS 0x00000000a3b00000, 0x00000000a3b00000| Untracked 
|  40|0x00000000a3c00000, 0x00000000a3c00000, 0x00000000a3d00000|  0%| F|  |TAMS 0x00000000a3c00000, 0x00000000a3c00000| Untracked 
|  41|0x00000000a3d00000, 0x00000000a3d00000, 0x00000000a3e00000|  0%| F|  |TAMS 0x00000000a3d00000, 0x00000000a3d00000| Untracked 
|  42|0x00000000a3e00000, 0x00000000a3e00000, 0x00000000a3f00000|  0%| F|  |TAMS 0x00000000a3e00000, 0x00000000a3e00000| Untracked 
|  43|0x00000000a3f00000, 0x00000000a3f00000, 0x00000000a4000000|  0%| F|  |TAMS 0x00000000a3f00000, 0x00000000a3f00000| Untracked 
|  44|0x00000000a4000000, 0x00000000a4000000, 0x00000000a4100000|  0%| F|  |TAMS 0x00000000a4000000, 0x00000000a4000000| Untracked 
|  45|0x00000000a4100000, 0x00000000a4100000, 0x00000000a4200000|  0%| F|  |TAMS 0x00000000a4100000, 0x00000000a4100000| Untracked 
|  46|0x00000000a4200000, 0x00000000a4200000, 0x00000000a4300000|  0%| F|  |TAMS 0x00000000a4200000, 0x00000000a4200000| Untracked 
|  47|0x00000000a4300000, 0x00000000a4300000, 0x00000000a4400000|  0%| F|  |TAMS 0x00000000a4300000, 0x00000000a4300000| Untracked 
|  48|0x00000000a4400000, 0x00000000a4400000, 0x00000000a4500000|  0%| F|  |TAMS 0x00000000a4400000, 0x00000000a4400000| Untracked 
|  49|0x00000000a4500000, 0x00000000a4500000, 0x00000000a4600000|  0%| F|  |TAMS 0x00000000a4500000, 0x00000000a4500000| Untracked 
|  50|0x00000000a4600000, 0x00000000a4600000, 0x00000000a4700000|  0%| F|  |TAMS 0x00000000a4600000, 0x00000000a4600000| Untracked 
|  51|0x00000000a4700000, 0x00000000a4700000, 0x00000000a4800000|  0%| F|  |TAMS 0x00000000a4700000, 0x00000000a4700000| Untracked 
|  52|0x00000000a4800000, 0x00000000a4800000, 0x00000000a4900000|  0%| F|  |TAMS 0x00000000a4800000, 0x00000000a4800000| Untracked 
|  53|0x00000000a4900000, 0x00000000a4900000, 0x00000000a4a00000|  0%| F|  |TAMS 0x00000000a4900000, 0x00000000a4900000| Untracked 
|  54|0x00000000a4a00000, 0x00000000a4a00000, 0x00000000a4b00000|  0%| F|  |TAMS 0x00000000a4a00000, 0x00000000a4a00000| Untracked 
|  55|0x00000000a4b00000, 0x00000000a4b00000, 0x00000000a4c00000|  0%| F|  |TAMS 0x00000000a4b00000, 0x00000000a4b00000| Untracked 
|  56|0x00000000a4c00000, 0x00000000a4c00000, 0x00000000a4d00000|  0%| F|  |TAMS 0x00000000a4c00000, 0x00000000a4c00000| Untracked 
|  57|0x00000000a4d00000, 0x00000000a4d00000, 0x00000000a4e00000|  0%| F|  |TAMS 0x00000000a4d00000, 0x00000000a4d00000| Untracked 
|  58|0x00000000a4e00000, 0x00000000a4e00000, 0x00000000a4f00000|  0%| F|  |TAMS 0x00000000a4e00000, 0x00000000a4e00000| Untracked 
|  59|0x00000000a4f00000, 0x00000000a4f00000, 0x00000000a5000000|  0%| F|  |TAMS 0x00000000a4f00000, 0x00000000a4f00000| Untracked 
|  60|0x00000000a5000000, 0x00000000a5000000, 0x00000000a5100000|  0%| F|  |TAMS 0x00000000a5000000, 0x00000000a5000000| Untracked 
|  61|0x00000000a5100000, 0x00000000a5100000, 0x00000000a5200000|  0%| F|  |TAMS 0x00000000a5100000, 0x00000000a5100000| Untracked 
|  62|0x00000000a5200000, 0x00000000a5200000, 0x00000000a5300000|  0%| F|  |TAMS 0x00000000a5200000, 0x00000000a5200000| Untracked 
|  63|0x00000000a5300000, 0x00000000a5300000, 0x00000000a5400000|  0%| F|  |TAMS 0x00000000a5300000, 0x00000000a5300000| Untracked 
|  64|0x00000000a5400000, 0x00000000a5400000, 0x00000000a5500000|  0%| F|  |TAMS 0x00000000a5400000, 0x00000000a5400000| Untracked 
|  65|0x00000000a5500000, 0x00000000a5500000, 0x00000000a5600000|  0%| F|  |TAMS 0x00000000a5500000, 0x00000000a5500000| Untracked 
|  66|0x00000000a5600000, 0x00000000a5600000, 0x00000000a5700000|  0%| F|  |TAMS 0x00000000a5600000, 0x00000000a5600000| Untracked 
|  67|0x00000000a5700000, 0x00000000a5700000, 0x00000000a5800000|  0%| F|  |TAMS 0x00000000a5700000, 0x00000000a5700000| Untracked 
|  68|0x00000000a5800000, 0x00000000a5800000, 0x00000000a5900000|  0%| F|  |TAMS 0x00000000a5800000, 0x00000000a5800000| Untracked 
|  69|0x00000000a5900000, 0x00000000a5900000, 0x00000000a5a00000|  0%| F|  |TAMS 0x00000000a5900000, 0x00000000a5900000| Untracked 
|  70|0x00000000a5a00000, 0x00000000a5a00000, 0x00000000a5b00000|  0%| F|  |TAMS 0x00000000a5a00000, 0x00000000a5a00000| Untracked 
|  71|0x00000000a5b00000, 0x00000000a5b00000, 0x00000000a5c00000|  0%| F|  |TAMS 0x00000000a5b00000, 0x00000000a5b00000| Untracked 
|  72|0x00000000a5c00000, 0x00000000a5c00000, 0x00000000a5d00000|  0%| F|  |TAMS 0x00000000a5c00000, 0x00000000a5c00000| Untracked 
|  73|0x00000000a5d00000, 0x00000000a5d00000, 0x00000000a5e00000|  0%| F|  |TAMS 0x00000000a5d00000, 0x00000000a5d00000| Untracked 
|  74|0x00000000a5e00000, 0x00000000a5e00000, 0x00000000a5f00000|  0%| F|  |TAMS 0x00000000a5e00000, 0x00000000a5e00000| Untracked 
|  75|0x00000000a5f00000, 0x00000000a5f00000, 0x00000000a6000000|  0%| F|  |TAMS 0x00000000a5f00000, 0x00000000a5f00000| Untracked 
|  76|0x00000000a6000000, 0x00000000a6000000, 0x00000000a6100000|  0%| F|  |TAMS 0x00000000a6000000, 0x00000000a6000000| Untracked 
|  77|0x00000000a6100000, 0x00000000a6100000, 0x00000000a6200000|  0%| F|  |TAMS 0x00000000a6100000, 0x00000000a6100000| Untracked 
|  78|0x00000000a6200000, 0x00000000a6200000, 0x00000000a6300000|  0%| F|  |TAMS 0x00000000a6200000, 0x00000000a6200000| Untracked 
|  79|0x00000000a6300000, 0x00000000a6300000, 0x00000000a6400000|  0%| F|  |TAMS 0x00000000a6300000, 0x00000000a6300000| Untracked 
|  80|0x00000000a6400000, 0x00000000a6400000, 0x00000000a6500000|  0%| F|  |TAMS 0x00000000a6400000, 0x00000000a6400000| Untracked 
|  81|0x00000000a6500000, 0x00000000a6576448, 0x00000000a6600000| 46%| E|  |TAMS 0x00000000a6500000, 0x00000000a6500000| Complete 
|  82|0x00000000a6600000, 0x00000000a6700000, 0x00000000a6700000|100%| E|CS|TAMS 0x00000000a6600000, 0x00000000a6600000| Complete 
|  83|0x00000000a6700000, 0x00000000a6800000, 0x00000000a6800000|100%| E|CS|TAMS 0x00000000a6700000, 0x00000000a6700000| Complete 
|  84|0x00000000a6800000, 0x00000000a6900000, 0x00000000a6900000|100%| E|CS|TAMS 0x00000000a6800000, 0x00000000a6800000| Complete 
|  85|0x00000000a6900000, 0x00000000a6a00000, 0x00000000a6a00000|100%| E|CS|TAMS 0x00000000a6900000, 0x00000000a6900000| Complete 
|  86|0x00000000a6a00000, 0x00000000a6b00000, 0x00000000a6b00000|100%| E|CS|TAMS 0x00000000a6a00000, 0x00000000a6a00000| Complete 
|  87|0x00000000a6b00000, 0x00000000a6c00000, 0x00000000a6c00000|100%| E|CS|TAMS 0x00000000a6b00000, 0x00000000a6b00000| Complete 
|  88|0x00000000a6c00000, 0x00000000a6d00000, 0x00000000a6d00000|100%| E|CS|TAMS 0x00000000a6c00000, 0x00000000a6c00000| Complete 
|  89|0x00000000a6d00000, 0x00000000a6e00000, 0x00000000a6e00000|100%| E|CS|TAMS 0x00000000a6d00000, 0x00000000a6d00000| Complete 
|  90|0x00000000a6e00000, 0x00000000a6f00000, 0x00000000a6f00000|100%| E|CS|TAMS 0x00000000a6e00000, 0x00000000a6e00000| Complete 
|  91|0x00000000a6f00000, 0x00000000a7000000, 0x00000000a7000000|100%| E|CS|TAMS 0x00000000a6f00000, 0x00000000a6f00000| Complete 
|  92|0x00000000a7000000, 0x00000000a7100000, 0x00000000a7100000|100%| E|CS|TAMS 0x00000000a7000000, 0x00000000a7000000| Complete 
|  93|0x00000000a7100000, 0x00000000a7200000, 0x00000000a7200000|100%| E|CS|TAMS 0x00000000a7100000, 0x00000000a7100000| Complete 
|  94|0x00000000a7200000, 0x00000000a7300000, 0x00000000a7300000|100%| E|CS|TAMS 0x00000000a7200000, 0x00000000a7200000| Complete 
|  95|0x00000000a7300000, 0x00000000a7400000, 0x00000000a7400000|100%| E|CS|TAMS 0x00000000a7300000, 0x00000000a7300000| Complete 

Card table byte_map: [0x000001dcc9de0000,0x000001dcca0e0000] _byte_map_base: 0x000001dcc98d6000

Marking Bits (Prev, Next): (CMBitMap*) 0x000001dcb6ddfcc0, (CMBitMap*) 0x000001dcb6ddfd00
 Prev Bits: [0x000001dcca3e0000, 0x000001dccbb90000)
 Next Bits: [0x000001dccbb90000, 0x000001dccd340000)

Polling page: 0x000001dcb6570000

Metaspace:

Usage:
  Non-class:     13.00 MB capacity,    12.93 MB (>99%) used,    55.40 KB ( <1%) free+waste,    16.25 KB ( <1%) overhead. 
      Class:      1.53 MB capacity,     1.47 MB ( 96%) used,    51.04 KB (  3%) free+waste,     5.75 KB ( <1%) overhead. 
       Both:     14.53 MB capacity,    14.40 MB (>99%) used,   106.44 KB ( <1%) free+waste,    22.00 KB ( <1%) overhead. 

Virtual space:
  Non-class space:       14.00 MB reserved,      13.25 MB ( 95%) committed 
      Class space:        1.00 GB reserved,       1.62 MB ( <1%) committed 
             Both:        1.01 GB reserved,      14.88 MB (  1%) committed 

Chunk freelists:
   Non-Class:  63.00 KB
       Class:  3.00 KB
        Both:  66.00 KB

MaxMetaspaceSize: 17179869184.00 GB
CompressedClassSpaceSize: 1.00 GB

CodeHeap 'non-profiled nmethods': size=120000Kb used=263Kb max_used=263Kb free=119736Kb
 bounds [0x000001dcc2280000, 0x000001dcc24f0000, 0x000001dcc97b0000]
CodeHeap 'profiled nmethods': size=120000Kb used=1429Kb max_used=1429Kb free=118570Kb
 bounds [0x000001dcbad50000, 0x000001dcbafc0000, 0x000001dcc2280000]
CodeHeap 'non-nmethods': size=5760Kb used=1274Kb max_used=1274Kb free=4486Kb
 bounds [0x000001dcba7b0000, 0x000001dcbaa20000, 0x000001dcbad50000]
 total_blobs=1508 nmethods=946 adapters=475
 compilation: enabled
              stopped_count=0, restarted_count=0
 full_count=0

Compilation events (20 events):
Event: 1.075 Thread 0x000001dcd061ca60  915       2       java.util.HashMap::getNode (150 bytes)
Event: 1.075 Thread 0x000001dcd061ca60 nmethod 915 0x000001dcbaeab010 code [0x000001dcbaeab200, 0x000001dcbaeab638]
Event: 1.076 Thread 0x000001dcd061ca60  916       3       java.util.ArrayList$Itr::checkForComodification (23 bytes)
Event: 1.076 Thread 0x000001dcd061ca60 nmethod 916 0x000001dcbaeab890 code [0x000001dcbaeaba40, 0x000001dcbaeabc08]
Event: 1.076 Thread 0x000001dcd061ca60  917       1       java.awt.Component::getObjectLock (5 bytes)
Event: 1.076 Thread 0x000001dcd061ca60 nmethod 917 0x000001dcc22bf390 code [0x000001dcc22bf520, 0x000001dcc22bf5d8]
Event: 1.076 Thread 0x000001dcd061ca60  918  s    3       java.util.Hashtable::get (69 bytes)
Event: 1.076 Thread 0x000001dcd061ca60 nmethod 918 0x000001dcbaeabd10 code [0x000001dcbaeabee0, 0x000001dcbaeac3f8]
Event: 1.076 Thread 0x000001dcd061ca60  919       1       java.util.concurrent.locks.AbstractOwnableSynchronizer::getExclusiveOwnerThread (5 bytes)
Event: 1.076 Thread 0x000001dcd061ca60 nmethod 919 0x000001dcc22bf690 code [0x000001dcc22bf820, 0x000001dcc22bf8d8]
Event: 1.076 Thread 0x000001dcd061ca60  920       3       java.util.ArrayList$Itr::<init> (26 bytes)
Event: 1.077 Thread 0x000001dcd061ca60 nmethod 920 0x000001dcbaeac610 code [0x000001dcbaeac7c0, 0x000001dcbaeac998]
Event: 1.077 Thread 0x000001dcd061ca60  922       3       java.util.ArrayList$Itr::next (66 bytes)
Event: 1.077 Thread 0x000001dcd061ca60 nmethod 922 0x000001dcbaeaca90 code [0x000001dcbaeacc80, 0x000001dcbaead048]
Event: 1.077 Thread 0x000001dcd061ca60  921       3       java.util.ArrayList::iterator (9 bytes)
Event: 1.077 Thread 0x000001dcd061ca60 nmethod 921 0x000001dcbaead210 code [0x000001dcbaead3c0, 0x000001dcbaead638]
Event: 1.079 Thread 0x000001dcd061ca60  923       3       sun.util.locale.LocaleUtils::isUpper (18 bytes)
Event: 1.080 Thread 0x000001dcd061ca60 nmethod 923 0x000001dcbaead710 code [0x000001dcbaead8a0, 0x000001dcbaeada18]
Event: 1.080 Thread 0x000001dcd061ca60  924       3       jdk.internal.loader.NativeLibraries$NativeLibraryImpl::find (6 bytes)
Event: 1.080 Thread 0x000001dcd061ca60 nmethod 924 0x000001dcbaeada90 code [0x000001dcbaeadc40, 0x000001dcbaeadd68]

GC Heap History (0 events):
No events

Deoptimization events (20 events):
Event: 0.973 Thread 0x000001dcd0fe1e30 Uncommon trap: trap_request=0xffffff45 fr.pc=0x000001dcc22ba3e8 relative=0x00000000000003a8
Event: 0.973 Thread 0x000001dcd0fe1e30 Uncommon trap: reason=unstable_if action=reinterpret pc=0x000001dcc22ba3e8 method=java.lang.Character.isSurrogate(C)Z @ 3 c2
Event: 0.973 Thread 0x000001dcd0fe1e30 DEOPT PACKING pc=0x000001dcc22ba3e8 sp=0x00000047f09fcf10
Event: 0.973 Thread 0x000001dcd0fe1e30 DEOPT UNPACKING pc=0x000001dcba7fe42f sp=0x00000047f09fce28 mode 2
Event: 1.002 Thread 0x000001dcd0fe1e30 Uncommon trap: trap_request=0xffffffde fr.pc=0x000001dcc22b3298 relative=0x0000000000000458
Event: 1.002 Thread 0x000001dcd0fe1e30 Uncommon trap: reason=class_check action=maybe_recompile pc=0x000001dcc22b3298 method=java.util.HashMap.getNode(Ljava/lang/Object;)Ljava/util/HashMap$Node; @ 63 c2
Event: 1.002 Thread 0x000001dcd0fe1e30 DEOPT PACKING pc=0x000001dcc22b3298 sp=0x00000047f09fd8f0
Event: 1.002 Thread 0x000001dcd0fe1e30 DEOPT UNPACKING pc=0x000001dcba7fe42f sp=0x00000047f09fd868 mode 2
Event: 1.012 Thread 0x000001dcd0fe1e30 Uncommon trap: trap_request=0xffffffde fr.pc=0x000001dcc22b3298 relative=0x0000000000000458
Event: 1.012 Thread 0x000001dcd0fe1e30 Uncommon trap: reason=class_check action=maybe_recompile pc=0x000001dcc22b3298 method=java.util.HashMap.getNode(Ljava/lang/Object;)Ljava/util/HashMap$Node; @ 63 c2
Event: 1.012 Thread 0x000001dcd0fe1e30 DEOPT PACKING pc=0x000001dcc22b3298 sp=0x00000047f09fd8f0
Event: 1.012 Thread 0x000001dcd0fe1e30 DEOPT UNPACKING pc=0x000001dcba7fe42f sp=0x00000047f09fd868 mode 2
Event: 1.057 Thread 0x000001dcb6da63b0 Uncommon trap: trap_request=0xffffffde fr.pc=0x000001dcc22b3298 relative=0x0000000000000458
Event: 1.057 Thread 0x000001dcb6da63b0 Uncommon trap: reason=class_check action=maybe_recompile pc=0x000001dcc22b3298 method=java.util.HashMap.getNode(Ljava/lang/Object;)Ljava/util/HashMap$Node; @ 63 c2
Event: 1.057 Thread 0x000001dcb6da63b0 DEOPT PACKING pc=0x000001dcc22b3298 sp=0x00000047eecfe820
Event: 1.057 Thread 0x000001dcb6da63b0 DEOPT UNPACKING pc=0x000001dcba7fe42f sp=0x00000047eecfe798 mode 2
Event: 1.057 Thread 0x000001dcb6da63b0 Uncommon trap: trap_request=0xffffffde fr.pc=0x000001dcc22b3298 relative=0x0000000000000458
Event: 1.057 Thread 0x000001dcb6da63b0 Uncommon trap: reason=class_check action=maybe_recompile pc=0x000001dcc22b3298 method=java.util.HashMap.getNode(Ljava/lang/Object;)Ljava/util/HashMap$Node; @ 63 c2
Event: 1.057 Thread 0x000001dcb6da63b0 DEOPT PACKING pc=0x000001dcc22b3298 sp=0x00000047eecfe820
Event: 1.057 Thread 0x000001dcb6da63b0 DEOPT UNPACKING pc=0x000001dcba7fe42f sp=0x00000047eecfe798 mode 2

Classes unloaded (0 events):
No events

Classes redefined (0 events):
No events

Internal exceptions (12 events):
Event: 0.203 Thread 0x000001dcb6da63b0 Exception <a 'java/lang/NoSuchMethodError'{0x00000000a723d248}: 'void java.lang.invoke.DirectMethodHandle$Holder.invokeSpecial(java.lang.Object, java.lang.Object, java.lang.Object)'> (0x00000000a723d248) 
thrown [./open/src/hotspot/share/interpreter/linkResolver.cpp, line 782]
Event: 0.239 Thread 0x000001dcb6da63b0 Exception <a 'java/lang/ClassNotFoundException'{0x00000000a7284f80}: sun/awt/resources/spi/awtProvider> (0x00000000a7284f80) 
thrown [./open/src/hotspot/share/classfile/systemDictionary.cpp, line 295]
Event: 0.275 Thread 0x000001dcb6da63b0 Exception <a 'java/io/FileNotFoundException'{0x00000000a72e10e8}> (0x00000000a72e10e8) 
thrown [./open/src/hotspot/share/prims/jni.cpp, line 578]
Event: 0.295 Thread 0x000001dcb6da63b0 Exception <a 'java/io/FileNotFoundException'{0x00000000a71100b0}> (0x00000000a71100b0) 
thrown [./open/src/hotspot/share/prims/jni.cpp, line 578]
Event: 0.295 Thread 0x000001dcb6da63b0 Exception <a 'java/lang/NoSuchMethodError'{0x00000000a71113e0}: 'java.lang.Object java.lang.invoke.DirectMethodHandle$Holder.invokeStatic(java.lang.Object)'> (0x00000000a71113e0) 
thrown [./open/src/hotspot/share/interpreter/linkResolver.cpp, line 782]
Event: 0.354 Thread 0x000001dcb6da63b0 Exception <a 'java/lang/NoSuchMethodError'{0x00000000a716ce60}: 'java.lang.Object java.lang.invoke.DirectMethodHandle$Holder.invokeStaticInit(java.lang.Object)'> (0x00000000a716ce60) 
thrown [./open/src/hotspot/share/interpreter/linkResolver.cpp, line 782]
Event: 0.480 Thread 0x000001dcb6da63b0 Exception <a 'java/lang/NoSuchMethodError'{0x00000000a71e0240}: 'java.lang.Object java.lang.invoke.DirectMethodHandle$Holder.newInvokeSpecial(java.lang.Object, java.lang.Object, java.lang.Object, java.lang.Object, java.lang.Object)'> (0x00000000a71e0240) 
thrown [./open/src/hotspot/share/interpreter/linkResolver.cpp, line 782]
Event: 0.482 Thread 0x000001dcb6da63b0 Exception <a 'java/lang/NoSuchMethodError'{0x00000000a71ebcd0}: 'java.lang.Object java.lang.invoke.DirectMethodHandle$Holder.invokeStatic(java.lang.Object, int, java.lang.Object, java.lang.Object, java.lang.Object, java.lang.Object)'> (0x00000000a71ebcd0) 
thrown [./open/src/hotspot/share/interpreter/linkResolver.cpp, line 782]
Event: 0.486 Thread 0x000001dcb6da63b0 Exception <a 'java/lang/NoSuchMethodError'{0x00000000a7026330}: 'java.lang.Object java.lang.invoke.DirectMethodHandle$Holder.invokeStatic(java.lang.Object, int, java.lang.Object)'> (0x00000000a7026330) 
thrown [./open/src/hotspot/share/interpreter/linkResolver.cpp, line 782]
Event: 0.514 Thread 0x000001dcb6da63b0 Exception <a 'java/lang/ClassNotFoundException'{0x00000000a70de360}: com/sun/swing/internal/plaf/metal/resources/spi/metalProvider> (0x00000000a70de360) 
thrown [./open/src/hotspot/share/classfile/systemDictionary.cpp, line 295]
Event: 0.515 Thread 0x000001dcb6da63b0 Exception <a 'java/lang/ClassNotFoundException'{0x00000000a70e2660}: com/sun/swing/internal/plaf/basic/resources/spi/basicProvider> (0x00000000a70e2660) 
thrown [./open/src/hotspot/share/classfile/systemDictionary.cpp, line 295]
Event: 0.560 Thread 0x000001dcb6da63b0 Exception <a 'java/lang/NoSuchMethodError'{0x00000000a6f20278}: 'void java.lang.invoke.DirectMethodHandle$Holder.invokeStaticInit(java.lang.Object)'> (0x00000000a6f20278) 
thrown [./open/src/hotspot/share/interpreter/linkResolver.cpp, line 782]

Events (20 events):
Event: 1.078 loading class sun/util/locale/LanguageTag done
Event: 1.078 loading class javax/swing/MenuElement
Event: 1.078 loading class javax/swing/MenuElement done
Event: 1.079 loading class sun/util/locale/ParseStatus
Event: 1.079 loading class javax/swing/JPopupMenu done
Event: 1.079 loading class sun/util/locale/ParseStatus done
Event: 1.079 loading class sun/util/locale/StringTokenIterator
Event: 1.079 loading class javax/swing/Icon
Event: 1.079 loading class sun/util/locale/StringTokenIterator done
Event: 1.079 loading class javax/swing/Icon done
Event: 1.079 loading class sun/util/locale/InternalLocaleBuilder
Event: 1.079 loading class sun/util/locale/InternalLocaleBuilder done
Event: 1.079 loading class sun/util/locale/InternalLocaleBuilder$CaseInsensitiveChar
Event: 1.079 loading class sun/util/locale/InternalLocaleBuilder$CaseInsensitiveChar done
Event: 1.083 loading class javax/swing/ImageIcon
Event: 1.084 loading class javax/swing/ImageIcon done
Event: 1.084 loading class java/util/Date
Event: 1.085 loading class java/util/Date done
Event: 1.085 loading class java/util/Calendar
Event: 1.088 loading class java/util/Calendar done


Dynamic libraries:
0x00007ff7a6dc0000 - 0x00007ff7a6dcd000 	C:\Users\hp\.p2\pool\plugins\org.eclipse.justj.openjdk.hotspot.jre.full.win32.x86_64_15.0.2.v20210201-0955\jre\bin\javaw.exe
0x00007ffc94030000 - 0x00007ffc94247000 	C:\WINDOWS\SYSTEM32\ntdll.dll
0x00007ffc92a60000 - 0x00007ffc92b24000 	C:\WINDOWS\System32\KERNEL32.DLL
0x00007ffc91720000 - 0x00007ffc91acd000 	C:\WINDOWS\System32\KERNELBASE.dll
0x00007ffc91600000 - 0x00007ffc91711000 	C:\WINDOWS\System32\ucrtbase.dll
0x00007ffc67f20000 - 0x00007ffc67f38000 	C:\Users\hp\.p2\pool\plugins\org.eclipse.justj.openjdk.hotspot.jre.full.win32.x86_64_15.0.2.v20210201-0955\jre\bin\jli.dll
0x00007ffc8b7f0000 - 0x00007ffc8b809000 	C:\Users\hp\.p2\pool\plugins\org.eclipse.justj.openjdk.hotspot.jre.full.win32.x86_64_15.0.2.v20210201-0955\jre\bin\VCRUNTIME140.dll
0x00007ffc93d40000 - 0x00007ffc93eee000 	C:\WINDOWS\System32\USER32.dll
0x00007ffc91350000 - 0x00007ffc91376000 	C:\WINDOWS\System32\win32u.dll
0x00007ffc74ba0000 - 0x00007ffc74e33000 	C:\WINDOWS\WinSxS\amd64_microsoft.windows.common-controls_6595b64144ccf1df_6.0.22621.3672_none_2713b9d173822955\COMCTL32.dll
0x00007ffc93c10000 - 0x00007ffc93c39000 	C:\WINDOWS\System32\GDI32.dll
0x00007ffc92960000 - 0x00007ffc92a07000 	C:\WINDOWS\System32\msvcrt.dll
0x00007ffc91ad0000 - 0x00007ffc91be9000 	C:\WINDOWS\System32\gdi32full.dll
0x00007ffc91560000 - 0x00007ffc915fa000 	C:\WINDOWS\System32\msvcp_win.dll
0x00007ffc92920000 - 0x00007ffc92951000 	C:\WINDOWS\System32\IMM32.DLL
0x00007ffc8de40000 - 0x00007ffc8de4c000 	C:\Users\hp\.p2\pool\plugins\org.eclipse.justj.openjdk.hotspot.jre.full.win32.x86_64_15.0.2.v20210201-0955\jre\bin\vcruntime140_1.dll
0x00007ffc5af40000 - 0x00007ffc5afd1000 	C:\Users\hp\.p2\pool\plugins\org.eclipse.justj.openjdk.hotspot.jre.full.win32.x86_64_15.0.2.v20210201-0955\jre\bin\msvcp140.dll
0x00007ffc4dfa0000 - 0x00007ffc4eafe000 	C:\Users\hp\.p2\pool\plugins\org.eclipse.justj.openjdk.hotspot.jre.full.win32.x86_64_15.0.2.v20210201-0955\jre\bin\server\jvm.dll
0x00007ffc91d60000 - 0x00007ffc91e12000 	C:\WINDOWS\System32\ADVAPI32.dll
0x00007ffc932f0000 - 0x00007ffc93399000 	C:\WINDOWS\System32\sechost.dll
0x00007ffc91380000 - 0x00007ffc913a8000 	C:\WINDOWS\System32\bcrypt.dll
0x00007ffc92c80000 - 0x00007ffc92d94000 	C:\WINDOWS\System32\RPCRT4.dll
0x00007ffc92910000 - 0x00007ffc92918000 	C:\WINDOWS\System32\PSAPI.DLL
0x00007ffc67d90000 - 0x00007ffc67d99000 	C:\WINDOWS\SYSTEM32\WSOCK32.dll
0x00007ffc89780000 - 0x00007ffc897b4000 	C:\WINDOWS\SYSTEM32\WINMM.dll
0x00007ffc8dbc0000 - 0x00007ffc8dbca000 	C:\WINDOWS\SYSTEM32\VERSION.dll
0x00007ffc92f00000 - 0x00007ffc92f71000 	C:\WINDOWS\System32\WS2_32.dll
0x00007ffc903a0000 - 0x00007ffc903b8000 	C:\WINDOWS\SYSTEM32\kernel.appcore.dll
0x00007ffc67c90000 - 0x00007ffc67c9a000 	C:\Users\hp\.p2\pool\plugins\org.eclipse.justj.openjdk.hotspot.jre.full.win32.x86_64_15.0.2.v20210201-0955\jre\bin\jimage.dll
0x00007ffc8ed90000 - 0x00007ffc8efc2000 	C:\WINDOWS\SYSTEM32\DBGHELP.DLL
0x00007ffc91f30000 - 0x00007ffc922be000 	C:\WINDOWS\System32\combase.dll
0x00007ffc92820000 - 0x00007ffc928f7000 	C:\WINDOWS\System32\OLEAUT32.dll
0x00007ffc8ddc0000 - 0x00007ffc8ddf2000 	C:\WINDOWS\SYSTEM32\dbgcore.DLL
0x00007ffc913b0000 - 0x00007ffc9142b000 	C:\WINDOWS\System32\bcryptPrimitives.dll
0x00007ffc64300000 - 0x00007ffc64325000 	C:\Users\hp\.p2\pool\plugins\org.eclipse.justj.openjdk.hotspot.jre.full.win32.x86_64_15.0.2.v20210201-0955\jre\bin\java.dll
0x00007ffc66d40000 - 0x00007ffc66d58000 	C:\Users\hp\.p2\pool\plugins\org.eclipse.justj.openjdk.hotspot.jre.full.win32.x86_64_15.0.2.v20210201-0955\jre\bin\zip.dll
0x00007ffc933a0000 - 0x00007ffc93c07000 	C:\WINDOWS\System32\SHELL32.dll
0x00007ffc8f2d0000 - 0x00007ffc8fbcf000 	C:\WINDOWS\SYSTEM32\windows.storage.dll
0x00007ffc8f190000 - 0x00007ffc8f2cf000 	C:\WINDOWS\SYSTEM32\wintypes.dll
0x00007ffc93c40000 - 0x00007ffc93d39000 	C:\WINDOWS\System32\SHCORE.dll
0x00007ffc91e20000 - 0x00007ffc91e7e000 	C:\WINDOWS\System32\shlwapi.dll
0x00007ffc91280000 - 0x00007ffc912a7000 	C:\WINDOWS\SYSTEM32\profapi.dll
0x00007ffc70fd0000 - 0x00007ffc70fe0000 	C:\Users\hp\.p2\pool\plugins\org.eclipse.justj.openjdk.hotspot.jre.full.win32.x86_64_15.0.2.v20210201-0955\jre\bin\verify.dll
0x00007ffc642e0000 - 0x00007ffc642f9000 	C:\Users\hp\.p2\pool\plugins\org.eclipse.justj.openjdk.hotspot.jre.full.win32.x86_64_15.0.2.v20210201-0955\jre\bin\net.dll
0x00007ffc89250000 - 0x00007ffc89386000 	C:\WINDOWS\SYSTEM32\WINHTTP.dll
0x00007ffc90810000 - 0x00007ffc90879000 	C:\WINDOWS\system32\mswsock.dll
0x00007ffc622b0000 - 0x00007ffc622c2000 	C:\Users\hp\.p2\pool\plugins\org.eclipse.justj.openjdk.hotspot.jre.full.win32.x86_64_15.0.2.v20210201-0955\jre\bin\nio.dll
0x00007ffc4c760000 - 0x00007ffc4c8df000 	C:\Users\hp\.p2\pool\plugins\org.eclipse.justj.openjdk.hotspot.jre.full.win32.x86_64_15.0.2.v20210201-0955\jre\bin\awt.dll
0x00007ffc8d4f0000 - 0x00007ffc8d587000 	C:\WINDOWS\SYSTEM32\apphelp.dll
0x00007ffc8ea00000 - 0x00007ffc8ea2b000 	C:\WINDOWS\system32\DWMAPI.DLL
0x00007ffc8e5d0000 - 0x00007ffc8e681000 	C:\WINDOWS\system32\uxtheme.dll
0x00007ffc5ae40000 - 0x00007ffc5af40000 	C:\WINDOWS\system32\opengl32.dll
0x00007ffc62430000 - 0x00007ffc6245d000 	C:\WINDOWS\SYSTEM32\GLU32.dll
0x00007ffc8e6c0000 - 0x00007ffc8e6f7000 	C:\WINDOWS\SYSTEM32\dxcore.dll
0x00007ffc92da0000 - 0x00007ffc92efe000 	C:\WINDOWS\System32\MSCTF.dll
0x00007ffc93140000 - 0x00007ffc932e5000 	C:\WINDOWS\System32\ole32.dll
0x00007ffc390e0000 - 0x00007ffc39288000 	C:\WINDOWS\system32\d3d9.dll
0x00007ffc897c0000 - 0x00007ffc89978000 	C:\WINDOWS\System32\DriverStore\FileRepository\u0375335.inf_amd64_7de275617d9da25a\B374868\aticfx64.dll
0x00007ffc5ae00000 - 0x00007ffc5ae34000 	C:\WINDOWS\System32\DriverStore\FileRepository\u0375335.inf_amd64_7de275617d9da25a\B374868\atiu9p64.dll
0x00007ffc329f0000 - 0x00007ffc33744000 	C:\WINDOWS\System32\DriverStore\FileRepository\u0375335.inf_amd64_7de275617d9da25a\B374868\atiumd64.dll
0x0000000051ad0000 - 0x0000000052943000 	C:\WINDOWS\System32\DriverStore\FileRepository\u0375335.inf_amd64_7de275617d9da25a\B374868\atiumd6a.dll
0x00007ffc92310000 - 0x00007ffc92784000 	C:\WINDOWS\System32\SETUPAPI.dll
0x00007ffc91220000 - 0x00007ffc9126d000 	C:\WINDOWS\SYSTEM32\POWRPROF.dll
0x00007ffc91200000 - 0x00007ffc91213000 	C:\WINDOWS\SYSTEM32\UMPDC.dll
0x00007ffc8d2d0000 - 0x00007ffc8d300000 	C:\WINDOWS\SYSTEM32\amdihk64.dll
0x00007ffc8b2f0000 - 0x00007ffc8b339000 	C:\WINDOWS\SYSTEM32\directxdatabasehelper.dll
0x00007ffc56730000 - 0x00007ffc567b5000 	C:\Users\hp\.p2\pool\plugins\org.eclipse.justj.openjdk.hotspot.jre.full.win32.x86_64_15.0.2.v20210201-0955\jre\bin\freetype.dll
0x00007ffc53800000 - 0x00007ffc538a9000 	C:\Users\hp\.p2\pool\plugins\org.eclipse.justj.openjdk.hotspot.jre.full.win32.x86_64_15.0.2.v20210201-0955\jre\bin\fontmanager.dll
0x00007ffc78d20000 - 0x00007ffc78e63000 	C:\WINDOWS\SYSTEM32\textinputframework.dll
0x00007ffc91e80000 - 0x00007ffc91f30000 	C:\WINDOWS\System32\clbcatq.dll
0x00007ffc8e3a0000 - 0x00007ffc8e551000 	C:\WINDOWS\SYSTEM32\WindowsCodecs.dll
0x00007ffc66650000 - 0x00007ffc666ae000 	C:\WINDOWS\system32\dataexchange.dll
0x00007ffc87040000 - 0x00007ffc872ca000 	C:\WINDOWS\system32\twinapi.appcore.dll
0x00007ffc8de50000 - 0x00007ffc8df83000 	C:\WINDOWS\SYSTEM32\CoreMessaging.dll
0x00007ffc8acd0000 - 0x00007ffc8b03d000 	C:\WINDOWS\SYSTEM32\CoreUIComponents.dll
0x00007ffc90a80000 - 0x00007ffc90a8c000 	C:\WINDOWS\SYSTEM32\CRYPTBASE.DLL

dbghelp: loaded successfully - version: 4.0.5 - missing functions: none
symbol engine: initialized successfully - sym options: 0x614 - pdb path: .;C:\Users\hp\.p2\pool\plugins\org.eclipse.justj.openjdk.hotspot.jre.full.win32.x86_64_15.0.2.v20210201-0955\jre\bin;C:\WINDOWS\SYSTEM32;C:\WINDOWS\WinSxS\amd64_microsoft.windows.common-controls_6595b64144ccf1df_6.0.22621.3672_none_2713b9d173822955;C:\Users\hp\.p2\pool\plugins\org.eclipse.justj.openjdk.hotspot.jre.full.win32.x86_64_15.0.2.v20210201-0955\jre\bin\server;C:\WINDOWS\System32\DriverStore\FileRepository\u0375335.inf_amd64_7de275617d9da25a\B374868

VM Arguments:
jvm_args: -Dfile.encoding=Cp1252 -XX:+ShowCodeDetailsInExceptionMessages 
java_command: Bank.Signup
java_class_path (initial): J:\JAVA PROJECT\bin;J:\Jcalender class 3rd party\lib\jcalendar-1.4.jar;J:\MySql connector jar class\mysql-connector-j-9.0.0\mysql-connector-j-9.0.0.jar
Launcher Type: SUN_STANDARD

[Global flags]
     intx CICompilerCount                          = 4                                         {product} {ergonomic}
     uint ConcGCThreads                            = 2                                         {product} {ergonomic}
     uint G1ConcRefinementThreads                  = 8                                         {product} {ergonomic}
   size_t G1HeapRegionSize                         = 1048576                                   {product} {ergonomic}
    uintx GCDrainStackTargetSize                   = 64                                        {product} {ergonomic}
   size_t InitialHeapSize                          = 100663296                                 {product} {ergonomic}
   size_t MarkStackSize                            = 4194304                                   {product} {ergonomic}
   size_t MaxHeapSize                              = 1589641216                                {product} {ergonomic}
   size_t MaxNewSize                               = 953155584                                 {product} {ergonomic}
   size_t MinHeapDeltaBytes                        = 1048576                                   {product} {ergonomic}
   size_t MinHeapSize                              = 8388608                                   {product} {ergonomic}
    uintx NonNMethodCodeHeapSize                   = 5839372                                {pd product} {ergonomic}
    uintx NonProfiledCodeHeapSize                  = 122909434                              {pd product} {ergonomic}
    uintx ProfiledCodeHeapSize                     = 122909434                              {pd product} {ergonomic}
    uintx ReservedCodeCacheSize                    = 251658240                              {pd product} {ergonomic}
     bool SegmentedCodeCache                       = true                                      {product} {ergonomic}
     bool ShowCodeDetailsInExceptionMessages       = true                                   {manageable} {command line}
   size_t SoftMaxHeapSize                          = 1589641216                             {manageable} {ergonomic}
     bool UseCompressedClassPointers               = true                                 {lp64_product} {ergonomic}
     bool UseCompressedOops                        = true                                 {lp64_product} {ergonomic}
     bool UseG1GC                                  = true                                      {product} {ergonomic}
     bool UseLargePagesIndividualAllocation        = false                                  {pd product} {ergonomic}

Logging:
Log output configuration:
 #0: stdout all=warning uptime,level,tags
 #1: stderr all=off uptime,level,tags

Environment Variables:
JAVA_HOME=C:\Program Files (x86)\Java\jdk1.8.0_111
PATH=C:/Users/hp/.p2/pool/plugins/org.eclipse.justj.openjdk.hotspot.jre.full.win32.x86_64_15.0.2.v20210201-0955/jre/bin/server;C:/Users/hp/.p2/pool/plugins/org.eclipse.justj.openjdk.hotspot.jre.full.win32.x86_64_15.0.2.v20210201-0955/jre/bin;C:\Program Files\Java\jdk-22\bin;C:\Program Files\Common Files\Oracle\Java\javapath;C:\Python311\Scripts\;C:\Python311\;C:\WINDOWS\system32;C:\WINDOWS;C:\WINDOWS\System32\Wbem;C:\WINDOWS\System32\WindowsPowerShell\v1.0\;C:\WINDOWS\System32\OpenSSH\;C:\Program Files (x86)\Java\jdk1.8.0_111\bin;C:\MinGW\bin;C:\MinGW;C:\Program Files\nodejs\;C:\ProgramData\chocolatey\bin;C:\Program Files\HP\HP One Agent;C:\WINDOWS\system32;C:\WINDOWS;C:\WINDOWS\System32\Wbem;C:\WINDOWS\System32\WindowsPowerShell\v1.0\;C:\WINDOWS\System32\OpenSSH\;C:\Program Files\MySQL\MySQL Shell 8.0\bin\;C:\Users\hp\AppData\Local\Programs\Python\Python310\Scripts\;C:\Users\hp\AppData\Local\Programs\Python\Python310\;C:\Users\hp\AppData\Local\Microsoft\WindowsApps;C:\Program Files (x86)\mingw-w64\i686-8.1.0-posix-dwarf-rt_v6-rev0\mingw32\bin;C:\Users\hp\AppData\Local\Programs\Microsoft VS Code\bin;C:\Program Files\JetBrains\PyCharm 2023.1.1\bin;;C:\Users\hp\AppData\Roaming\npm;C:\Users\hp\AppData\Local\Programs\mongosh\;C:\Program Files\MongoDB\Server\7.0\bin;;C:\WINDOWS\system32;
USERNAME=hp
OS=Windows_NT
PROCESSOR_IDENTIFIER=AMD64 Family 23 Model 24 Stepping 1, AuthenticAMD



---------------  S Y S T E M  ---------------

OS:
 Windows 10 , 64 bit Build 22621 (10.0.22621.3958)
OS uptime: 1 days 5:38 hours

CPU: total 8 (initial active 8) (8 cores per cpu, 2 threads per core) family 23 model 24 stepping 1 microcode 0x0, cmov, cx8, fxsr, mmx, sse, sse2, sse3, ssse3, sse4.1, sse4.2, popcnt, vzeroupper, avx, avx2, aes, clmul, 3dnowpref, lzcnt, sse4a, ht, tsc, tscinvbit, tscinv, bmi1, bmi2, adx, sha, fma, clflush, clflushopt

Memory: 4k page, system-wide physical 6060M (402M free)
TotalPageFile size 24492M (AvailPageFile size 2M)
current process WorkingSet (physical memory assigned to process): 113M, peak: 113M
current process commit charge ("private bytes"): 242M, peak: 242M

vm_info: OpenJDK 64-Bit Server VM (15.0.2+7-27) for windows-amd64 JRE (15.0.2+7-27), built on Dec  7 2020 20:02:38 by "mach5one" with unknown MS VC++:1925

END.
